9/26/2024, 2:40:29 PM - Checking if all args are a valid path when combined
9/26/2024, 2:40:32 PM - URL: [31mhttps://www.npmjs.com/package/@atom-ide-community/atom-package-manager[39m failed to process. GQL returned a [31mNULL[39m response.
9/26/2024, 2:40:32 PM - [33mStarting scoring for: [39m[32mqueue-lit[39m_______________________________
9/26/2024, 2:40:32 PM - Open issues: 0
9/26/2024, 2:40:32 PM - Closed issues: 0
9/26/2024, 2:40:32 PM - No Closed Issues
9/26/2024, 2:40:33 PM - Repository at ./REPO_DUMP/queue-lit has been removed.
9/26/2024, 2:40:33 PM - Calculating final score...
9/26/2024, 2:40:33 PM - comparing floats: 0.1 0.04001000000000001... result: false
9/26/2024, 2:40:33 PM - comparing floats: 0 0.04001000000000001... result: false
9/26/2024, 2:40:33 PM - [32mFINAL SCORE 0.04001000000000001 WAS BETWEEN: 0,0.1 [39m
9/26/2024, 2:40:33 PM - [34mScoring complete for: [39m[32mqueue-lit[39m_______________________________
9/26/2024, 2:40:33 PM - [33mStarting scoring for: [39m[32mnode-comment-json[39m_______________________________
9/26/2024, 2:40:33 PM - Open issues: 9
9/26/2024, 2:40:33 PM - Closed issues: 28
9/26/2024, 2:40:34 PM - Repository at ./REPO_DUMP/node-comment-json has been removed.
9/26/2024, 2:40:34 PM - Calculating final score...
9/26/2024, 2:40:34 PM - [33mReturing 0 due to license being incompatible[39m
9/26/2024, 2:40:34 PM - [34mScoring complete for: [39m[32mnode-comment-json[39m_______________________________
9/26/2024, 2:40:34 PM - [33mStarting scoring for: [39m[32mant-design-colors[39m_______________________________
9/26/2024, 2:40:34 PM - Open issues: 7
9/26/2024, 2:40:34 PM - Closed issues: 26
9/26/2024, 2:40:34 PM - Repository at ./REPO_DUMP/ant-design-colors has been removed.
9/26/2024, 2:40:34 PM - Calculating final score...
9/26/2024, 2:40:34 PM - comparing floats: 0.4 0.22973684149184154... result: false
9/26/2024, 2:40:34 PM - comparing floats: 0.01298 0.22973684149184154... result: false
9/26/2024, 2:40:34 PM - [32mFINAL SCORE 0.22973684149184154 WAS BETWEEN: 0.01298,0.4 [39m
9/26/2024, 2:40:34 PM - [34mScoring complete for: [39m[32mant-design-colors[39m_______________________________
9/26/2024, 2:40:34 PM - [33mStarting scoring for: [39m[32mrspress[39m_______________________________
9/26/2024, 2:40:34 PM - Open issues: 74
9/26/2024, 2:40:34 PM - Closed issues: 276
9/26/2024, 2:40:40 PM - Repository at ./REPO_DUMP/rspress has been removed.
9/26/2024, 2:40:40 PM - Calculating final score...
9/26/2024, 2:40:40 PM - comparing floats: 0.6 0.3130529399585921... result: false
9/26/2024, 2:40:40 PM - comparing floats: 0.02716 0.3130529399585921... result: false
9/26/2024, 2:40:40 PM - [32mFINAL SCORE 0.3130529399585921 WAS BETWEEN: 0.02716,0.6 [39m
9/26/2024, 2:40:40 PM - [34mScoring complete for: [39m[32mrspress[39m_______________________________
9/26/2024, 2:40:40 PM - [33mStarting scoring for: [39m[32mquery-string[39m_______________________________
9/26/2024, 2:40:40 PM - Open issues: 23
9/26/2024, 2:40:40 PM - Closed issues: 207
9/26/2024, 2:40:40 PM - Repository at ./REPO_DUMP/query-string has been removed.
9/26/2024, 2:40:40 PM - Calculating final score...
9/26/2024, 2:40:40 PM - comparing floats: 0.13454 0.10419055555555555... result: false
9/26/2024, 2:40:40 PM - comparing floats: 0.05555555555555555 0.10419055555555555... result: false
9/26/2024, 2:40:40 PM - [32mFINAL SCORE 0.10419055555555555 WAS BETWEEN: 0.05555555555555555,0.13454 [39m
9/26/2024, 2:40:40 PM - [34mScoring complete for: [39m[32mquery-string[39m_______________________________
9/26/2024, 2:40:40 PM - [33mStarting scoring for: [39m[32mopenapi-ts[39m_______________________________
9/26/2024, 2:40:40 PM - Open issues: 97
9/26/2024, 2:40:40 PM - Closed issues: 308
9/26/2024, 2:40:56 PM - Repository at ./REPO_DUMP/openapi-ts has been removed.
9/26/2024, 2:40:56 PM - Calculating final score...
9/26/2024, 2:40:56 PM - [33mReturing 0 due to license being incompatible[39m
9/26/2024, 2:40:56 PM - [34mScoring complete for: [39m[32mopenapi-ts[39m_______________________________
9/26/2024, 2:40:56 PM - [33mStarting scoring for: [39m[32mccc[39m_______________________________
9/26/2024, 2:40:56 PM - Open issues: 1
9/26/2024, 2:40:56 PM - Closed issues: 6
9/26/2024, 2:40:57 PM - Repository at ./REPO_DUMP/ccc has been removed.
9/26/2024, 2:40:57 PM - Calculating final score...
9/26/2024, 2:40:57 PM - [33mReturing 0 due to license being incompatible[39m
9/26/2024, 2:40:57 PM - [34mScoring complete for: [39m[32mccc[39m_______________________________
9/26/2024, 2:40:57 PM - [33mStarting scoring for: [39m[32maxios[39m_______________________________
9/26/2024, 2:40:57 PM - Open issues: 563
9/26/2024, 2:40:57 PM - Closed issues: 4116
9/26/2024, 2:41:03 PM - Repository at ./REPO_DUMP/axios has been removed.
9/26/2024, 2:41:03 PM - Calculating final score...
9/26/2024, 2:41:03 PM - comparing floats: 1 0.40692037817172483... result: false
9/26/2024, 2:41:03 PM - comparing floats: 0.06839164237123421 0.40692037817172483... result: false
9/26/2024, 2:41:03 PM - [32mFINAL SCORE 0.40692037817172483 WAS BETWEEN: 0.06839164237123421,1 [39m
9/26/2024, 2:41:03 PM - [34mScoring complete for: [39m[32maxios[39m_______________________________
9/26/2024, 2:41:03 PM - [33mStarting scoring for: [39m[32mbody-parser[39m_______________________________
9/26/2024, 2:41:03 PM - Open issues: 20
9/26/2024, 2:41:03 PM - Closed issues: 91
9/26/2024, 2:41:04 PM - Repository at ./REPO_DUMP/body-parser has been removed.
9/26/2024, 2:41:04 PM - Calculating final score...
9/26/2024, 2:41:04 PM - comparing floats: 0.18018018018018017 0.12623905603405602... result: false
9/26/2024, 2:41:04 PM - comparing floats: 0.1 0.12623905603405602... result: false
9/26/2024, 2:41:04 PM - [32mFINAL SCORE 0.12623905603405602 WAS BETWEEN: 0.1,0.18018018018018017 [39m
9/26/2024, 2:41:04 PM - [34mScoring complete for: [39m[32mbody-parser[39m_______________________________
9/26/2024, 2:41:04 PM - [33mStarting scoring for: [39m[32mhelmet[39m_______________________________
9/26/2024, 2:41:04 PM - Open issues: 6
9/26/2024, 2:41:04 PM - Closed issues: 329
9/26/2024, 2:41:05 PM - Repository at ./REPO_DUMP/helmet has been removed.
9/26/2024, 2:41:05 PM - Calculating final score...
9/26/2024, 2:41:05 PM - comparing floats: 0.20392 0.09636946604364197... result: false
9/26/2024, 2:41:05 PM - comparing floats: 0.00911854103343465 0.09636946604364197... result: false
9/26/2024, 2:41:05 PM - [32mFINAL SCORE 0.09636946604364197 WAS BETWEEN: 0.00911854103343465,0.20392 [39m
9/26/2024, 2:41:05 PM - [34mScoring complete for: [39m[32mhelmet[39m_______________________________
9/26/2024, 2:41:05 PM - [33mStarting scoring for: [39m[32masync[39m_______________________________
9/26/2024, 2:41:05 PM - Open issues: 4
9/26/2024, 2:41:05 PM - Closed issues: 1128
9/26/2024, 2:41:10 PM - Repository at ./REPO_DUMP/async has been removed.
9/26/2024, 2:41:10 PM - Calculating final score...
9/26/2024, 2:41:10 PM - comparing floats: 0.56298 0.2618056971906874... result: false
9/26/2024, 2:41:10 PM - comparing floats: 0.0017730496453900709 0.2618056971906874... result: false
9/26/2024, 2:41:10 PM - [32mFINAL SCORE 0.2618056971906874 WAS BETWEEN: 0.0017730496453900709,0.56298 [39m
9/26/2024, 2:41:10 PM - [34mScoring complete for: [39m[32masync[39m_______________________________
9/26/2024, 2:41:10 PM - [33mStarting scoring for: [39m[32mchalk[39m_______________________________
9/26/2024, 2:41:10 PM - Open issues: 3
9/26/2024, 2:41:10 PM - Closed issues: 373
9/26/2024, 2:41:10 PM - Repository at ./REPO_DUMP/chalk has been removed.
9/26/2024, 2:41:10 PM - Calculating final score...
9/26/2024, 2:41:10 PM - comparing floats: 0.43666 0.1915618256231818... result: false
9/26/2024, 2:41:10 PM - comparing floats: 0.004021447721179625 0.1915618256231818... result: false
9/26/2024, 2:41:10 PM - [32mFINAL SCORE 0.1915618256231818 WAS BETWEEN: 0.004021447721179625,0.43666 [39m
9/26/2024, 2:41:10 PM - [34mScoring complete for: [39m[32mchalk[39m_______________________________
9/26/2024, 2:41:10 PM - [33mStarting scoring for: [39m[32mcors[39m_______________________________
9/26/2024, 2:41:10 PM - Open issues: 20
9/26/2024, 2:41:10 PM - Closed issues: 91
9/26/2024, 2:41:11 PM - Repository at ./REPO_DUMP/cors has been removed.
9/26/2024, 2:41:11 PM - Calculating final score...
9/26/2024, 2:41:11 PM - comparing floats: 0.18018018018018017 0.12623905603405602... result: false
9/26/2024, 2:41:11 PM - comparing floats: 0.1 0.12623905603405602... result: false
9/26/2024, 2:41:11 PM - [32mFINAL SCORE 0.12623905603405602 WAS BETWEEN: 0.1,0.18018018018018017 [39m
9/26/2024, 2:41:11 PM - [34mScoring complete for: [39m[32mcors[39m_______________________________
9/26/2024, 2:41:11 PM - [33mStarting scoring for: [39m[32mnode-jsonwebtoken[39m_______________________________
9/26/2024, 2:41:11 PM - Open issues: 123
9/26/2024, 2:41:11 PM - Closed issues: 517
9/26/2024, 2:41:11 PM - Repository at ./REPO_DUMP/node-jsonwebtoken has been removed.
9/26/2024, 2:41:11 PM - Calculating final score...
9/26/2024, 2:41:11 PM - comparing floats: 0.35296 0.2681824262572534... result: false
9/26/2024, 2:41:11 PM - comparing floats: 0.11895551257253385 0.2681824262572534... result: false
9/26/2024, 2:41:11 PM - [32mFINAL SCORE 0.2681824262572534 WAS BETWEEN: 0.11895551257253385,0.35296 [39m
9/26/2024, 2:41:11 PM - [34mScoring complete for: [39m[32mnode-jsonwebtoken[39m_______________________________
9/26/2024, 2:41:11 PM - [33mStarting scoring for: [39m[32mSoftwareEng_Fall2024[39m_______________________________
9/26/2024, 2:41:11 PM - Open issues: 1
9/26/2024, 2:41:11 PM - Closed issues: 58
9/26/2024, 2:41:12 PM - Repository at ./REPO_DUMP/SoftwareEng_Fall2024 has been removed.
9/26/2024, 2:41:12 PM - Calculating final score...
9/26/2024, 2:41:12 PM - [33mReturing 0 due to license being incompatible[39m
9/26/2024, 2:41:12 PM - [34mScoring complete for: [39m[32mSoftwareEng_Fall2024[39m_______________________________
9/26/2024, 2:41:12 PM - [33mStarting scoring for: [39m[32mkotaemon[39m_______________________________
9/26/2024, 2:41:12 PM - Open issues: 90
9/26/2024, 2:41:12 PM - Closed issues: 91
9/26/2024, 2:41:15 PM - Repository at ./REPO_DUMP/kotaemon has been removed.
9/26/2024, 2:41:15 PM - Calculating final score...
9/26/2024, 2:41:15 PM - [33mReturing 0 due to license being incompatible[39m
9/26/2024, 2:41:15 PM - [34mScoring complete for: [39m[32mkotaemon[39m_______________________________
9/26/2024, 2:41:15 PM - [33mStarting scoring for: [39m[32mhackingtool[39m_______________________________
9/26/2024, 2:41:15 PM - Open issues: 35
9/26/2024, 2:41:15 PM - Closed issues: 326
9/26/2024, 2:41:16 PM - Repository at ./REPO_DUMP/hackingtool has been removed.
9/26/2024, 2:41:16 PM - Calculating final score...
9/26/2024, 2:41:16 PM - comparing floats: 0.99668 0.35877632530632364... result: false
9/26/2024, 2:41:16 PM - comparing floats: 0.05368098159509203 0.35877632530632364... result: false
9/26/2024, 2:41:16 PM - [32mFINAL SCORE 0.35877632530632364 WAS BETWEEN: 0.05368098159509203,0.99668 [39m
9/26/2024, 2:41:16 PM - [34mScoring complete for: [39m[32mhackingtool[39m_______________________________
9/26/2024, 2:41:16 PM - Successfully cleaned and scored repos
9/26/2024, 3:22:59 PM - 🌟 [92mStarting...[39m 🌟
9/26/2024, 3:22:59 PM - Checking if all args are a valid path when combined
9/26/2024, 3:23:01 PM - URL: [31mhttps://www.npmjs.com/package/@atom-ide-community/atom-package-manager[39m failed to process. GQL returned a [31mNULL[39m response.
9/26/2024, 3:23:01 PM - Open issues: 0
9/26/2024, 3:23:01 PM - Closed issues: 0
9/26/2024, 3:23:01 PM - No Closed Issues
9/26/2024, 3:23:01 PM - HTTP Error: 404 Not Found
9/26/2024, 3:23:01 PM - Repository at ./REPO_DUMP/queue-lit has been removed.
9/26/2024, 3:23:01 PM - Could not find HEAD.
9/26/2024, 3:23:01 PM - Directory ./REPO_DUMP/queue-lit does not exist.
9/26/2024, 3:23:01 PM - Open issues: 9
9/26/2024, 3:23:01 PM - Closed issues: 28
9/26/2024, 3:23:02 PM - HTTP Error: 404 Not Found
9/26/2024, 3:23:02 PM - Repository at ./REPO_DUMP/node-comment-json has been removed.
9/26/2024, 3:23:02 PM - Could not find HEAD.
9/26/2024, 3:23:02 PM - Directory ./REPO_DUMP/node-comment-json does not exist.
9/26/2024, 3:23:02 PM - Open issues: 7
9/26/2024, 3:23:02 PM - Closed issues: 26
9/26/2024, 3:23:02 PM - HTTP Error: 404 Not Found
9/26/2024, 3:23:02 PM - Repository at ./REPO_DUMP/ant-design-colors has been removed.
9/26/2024, 3:23:02 PM - Could not find HEAD.
9/26/2024, 3:23:02 PM - Directory ./REPO_DUMP/ant-design-colors does not exist.
9/26/2024, 3:23:02 PM - Open issues: 23
9/26/2024, 3:23:02 PM - Closed issues: 207
9/26/2024, 3:23:03 PM - HTTP Error: 404 Not Found
9/26/2024, 3:23:03 PM - Repository at ./REPO_DUMP/query-string has been removed.
9/26/2024, 3:23:03 PM - Could not find HEAD.
9/26/2024, 3:23:03 PM - Directory ./REPO_DUMP/query-string does not exist.
9/26/2024, 3:23:03 PM - Open issues: 1
9/26/2024, 3:23:03 PM - Closed issues: 58
9/26/2024, 3:23:05 PM - Repository at ./REPO_DUMP/SoftwareEng_Fall2024 has been removed.
9/26/2024, 3:23:05 PM - Open issues: 90
9/26/2024, 3:23:05 PM - Closed issues: 91
9/26/2024, 3:23:09 PM - Repository at ./REPO_DUMP/kotaemon has been removed.
9/26/2024, 3:23:09 PM - Open issues: 35
9/26/2024, 3:23:09 PM - Closed issues: 326
9/26/2024, 3:23:09 PM - Repository at ./REPO_DUMP/hackingtool has been removed.
9/26/2024, 3:23:09 PM - Successfully cleaned and scored repos
