10/20/2024, 7:12:11 PM - Could not find HEAD.
10/20/2024, 7:12:11 PM - Directory ./REPO_DUMP/TypeScript does not exist.
10/20/2024, 7:12:11 PM - Could not find HEAD.
10/20/2024, 7:12:11 PM - Directory ./REPO_DUMP/MINGW-packages does not exist.
10/20/2024, 7:12:11 PM - Could not find HEAD.
10/20/2024, 7:12:11 PM - Directory ./REPO_DUMP/docsearch does not exist.
10/20/2024, 7:12:11 PM - Could not find HEAD.
10/20/2024, 7:12:11 PM - Directory ./REPO_DUMP/mpc does not exist.
10/20/2024, 7:15:11 PM - Could not find HEAD.
10/20/2024, 7:15:11 PM - Directory ./REPO_DUMP/TypeScript does not exist.
10/20/2024, 7:15:11 PM - Could not find HEAD.
10/20/2024, 7:15:11 PM - Directory ./REPO_DUMP/MINGW-packages does not exist.
10/20/2024, 7:15:11 PM - Could not find HEAD.
10/20/2024, 7:15:11 PM - Directory ./REPO_DUMP/docsearch does not exist.
10/20/2024, 7:15:11 PM - Could not find HEAD.
10/20/2024, 7:15:11 PM - Directory ./REPO_DUMP/mpc does not exist.
10/20/2024, 7:15:40 PM - Could not find HEAD.
10/20/2024, 7:15:40 PM - Directory ./REPO_DUMP/TypeScript does not exist.
10/20/2024, 7:15:40 PM - Could not find HEAD.
10/20/2024, 7:15:40 PM - Directory ./REPO_DUMP/MINGW-packages does not exist.
10/20/2024, 7:15:40 PM - Could not find HEAD.
10/20/2024, 7:15:40 PM - Directory ./REPO_DUMP/docsearch does not exist.
10/20/2024, 7:15:40 PM - Could not find HEAD.
10/20/2024, 7:15:40 PM - Directory ./REPO_DUMP/mpc does not exist.
10/20/2024, 7:21:27 PM - Could not find HEAD.
10/20/2024, 7:21:28 PM - Directory ./REPO_DUMP/TypeScript does not exist.
10/20/2024, 7:21:28 PM - Could not find HEAD.
10/20/2024, 7:21:28 PM - Directory ./REPO_DUMP/MINGW-packages does not exist.
10/20/2024, 7:21:28 PM - Could not find HEAD.
10/20/2024, 7:21:28 PM - Directory ./REPO_DUMP/docsearch does not exist.
10/20/2024, 7:21:28 PM - Could not find HEAD.
10/20/2024, 7:21:28 PM - Directory ./REPO_DUMP/mpc does not exist.
10/20/2024, 7:22:06 PM - Could not find HEAD.
10/20/2024, 7:22:06 PM - Directory ./REPO_DUMP/TypeScript does not exist.
10/20/2024, 7:22:06 PM - Could not find HEAD.
10/20/2024, 7:22:06 PM - Directory ./REPO_DUMP/MINGW-packages does not exist.
10/20/2024, 7:22:06 PM - Could not find HEAD.
10/20/2024, 7:22:06 PM - Directory ./REPO_DUMP/docsearch does not exist.
10/20/2024, 7:22:06 PM - Could not find HEAD.
10/20/2024, 7:22:06 PM - Directory ./REPO_DUMP/mpc does not exist.
10/20/2024, 7:24:47 PM - Could not find HEAD.
10/20/2024, 7:24:47 PM - Directory ./REPO_DUMP/TypeScript does not exist.
10/20/2024, 7:24:47 PM - Could not find HEAD.
10/20/2024, 7:24:47 PM - Directory ./REPO_DUMP/MINGW-packages does not exist.
10/20/2024, 7:24:47 PM - Could not find HEAD.
10/20/2024, 7:24:47 PM - Directory ./REPO_DUMP/docsearch does not exist.
10/20/2024, 7:24:47 PM - Could not find HEAD.
10/20/2024, 7:24:47 PM - Directory ./REPO_DUMP/mpc does not exist.
10/20/2024, 7:26:53 PM - Could not find HEAD.
10/20/2024, 7:26:53 PM - Directory ./REPO_DUMP/TypeScript does not exist.
10/20/2024, 7:26:53 PM - Could not find HEAD.
10/20/2024, 7:26:53 PM - Directory ./REPO_DUMP/MINGW-packages does not exist.
10/20/2024, 7:26:53 PM - Could not find HEAD.
10/20/2024, 7:26:53 PM - Directory ./REPO_DUMP/docsearch does not exist.
10/20/2024, 7:26:53 PM - Could not find HEAD.
10/20/2024, 7:26:53 PM - Directory ./REPO_DUMP/mpc does not exist.
10/20/2024, 7:27:35 PM - Could not find HEAD.
10/20/2024, 7:27:35 PM - Directory ./REPO_DUMP/TypeScript does not exist.
10/20/2024, 7:27:35 PM - Could not find HEAD.
10/20/2024, 7:27:35 PM - Directory ./REPO_DUMP/MINGW-packages does not exist.
10/20/2024, 7:27:35 PM - Could not find HEAD.
10/20/2024, 7:27:35 PM - Directory ./REPO_DUMP/docsearch does not exist.
10/20/2024, 7:27:35 PM - Could not find HEAD.
10/20/2024, 7:27:35 PM - Directory ./REPO_DUMP/mpc does not exist.
10/20/2024, 7:31:25 PM - Could not find HEAD.
10/20/2024, 7:31:25 PM - Directory ../REPO_DUMP/TypeScript does not exist.
10/20/2024, 7:31:25 PM - Could not find HEAD.
10/20/2024, 7:31:25 PM - Directory ../REPO_DUMP/MINGW-packages does not exist.
10/20/2024, 7:31:25 PM - Could not find HEAD.
10/20/2024, 7:31:25 PM - Directory ../REPO_DUMP/docsearch does not exist.
10/20/2024, 7:31:25 PM - Could not find HEAD.
10/20/2024, 7:31:25 PM - Directory ../REPO_DUMP/mpc does not exist.
10/20/2024, 7:32:52 PM - Could not find HEAD.
10/20/2024, 7:32:53 PM - Directory ../REPO_DUMP/TypeScript does not exist.
10/20/2024, 7:32:53 PM - Could not find HEAD.
10/20/2024, 7:32:53 PM - Directory ../REPO_DUMP/MINGW-packages does not exist.
10/20/2024, 7:32:53 PM - Could not find HEAD.
10/20/2024, 7:32:53 PM - Directory ../REPO_DUMP/docsearch does not exist.
10/20/2024, 7:32:53 PM - Could not find HEAD.
10/20/2024, 7:32:53 PM - Directory ../REPO_DUMP/mpc does not exist.
10/20/2024, 7:37:43 PM - Could not find HEAD.
10/20/2024, 7:37:43 PM - Directory ../REPO_DUMP/TypeScript does not exist.
10/20/2024, 7:37:43 PM - Could not find HEAD.
10/20/2024, 7:37:43 PM - Directory ../REPO_DUMP/MINGW-packages does not exist.
10/20/2024, 7:37:43 PM - Could not find HEAD.
10/20/2024, 7:37:43 PM - Directory ../REPO_DUMP/docsearch does not exist.
10/20/2024, 7:37:43 PM - Could not find HEAD.
10/20/2024, 7:37:43 PM - Directory ../REPO_DUMP/mpc does not exist.
10/20/2024, 7:40:28 PM - Could not find HEAD.
10/20/2024, 7:40:28 PM - Directory ../REPO_DUMP/TypeScript does not exist.
10/20/2024, 7:40:28 PM - Could not find HEAD.
10/20/2024, 7:40:28 PM - Directory ../REPO_DUMP/MINGW-packages does not exist.
10/20/2024, 7:40:28 PM - Could not find HEAD.
10/20/2024, 7:40:28 PM - Directory ../REPO_DUMP/docsearch does not exist.
10/20/2024, 7:40:28 PM - Could not find HEAD.
10/20/2024, 7:40:28 PM - Directory ../REPO_DUMP/mpc does not exist.
10/20/2024, 7:42:52 PM - Could not find HEAD.
10/20/2024, 7:42:52 PM - Directory ../REPO_DUMP/TypeScript does not exist.
10/20/2024, 7:42:52 PM - Could not find HEAD.
10/20/2024, 7:42:52 PM - Directory ../REPO_DUMP/MINGW-packages does not exist.
10/20/2024, 7:42:52 PM - Could not find HEAD.
10/20/2024, 7:42:52 PM - Directory ../REPO_DUMP/docsearch does not exist.
10/20/2024, 7:42:52 PM - Could not find HEAD.
10/20/2024, 7:42:52 PM - Directory ../REPO_DUMP/mpc does not exist.
10/20/2024, 7:46:17 PM - Could not find HEAD.
10/20/2024, 7:46:17 PM - Directory ../REPO_DUMP/TypeScript does not exist.
10/20/2024, 7:46:17 PM - Could not find HEAD.
10/20/2024, 7:46:17 PM - Directory ../REPO_DUMP/MINGW-packages does not exist.
10/20/2024, 7:46:17 PM - Could not find HEAD.
10/20/2024, 7:46:17 PM - Directory ../REPO_DUMP/docsearch does not exist.
10/20/2024, 7:46:17 PM - Could not find HEAD.
10/20/2024, 7:46:17 PM - Directory ../REPO_DUMP/mpc does not exist.
10/20/2024, 7:48:30 PM - Could not find HEAD.
10/20/2024, 7:48:30 PM - Directory ../REPO_DUMP/TypeScript does not exist.
10/20/2024, 7:48:30 PM - Could not find HEAD.
10/20/2024, 7:48:30 PM - Directory ../REPO_DUMP/MINGW-packages does not exist.
10/20/2024, 7:48:30 PM - Could not find HEAD.
10/20/2024, 7:48:30 PM - Directory ../REPO_DUMP/docsearch does not exist.
10/20/2024, 7:48:30 PM - Could not find HEAD.
10/20/2024, 7:48:30 PM - Directory ../REPO_DUMP/mpc does not exist.
10/20/2024, 7:51:12 PM - Could not find HEAD.
10/20/2024, 7:51:12 PM - Directory ../REPO_DUMP/TypeScript does not exist.
10/20/2024, 7:51:12 PM - Could not find HEAD.
10/20/2024, 7:51:12 PM - Directory ../REPO_DUMP/MINGW-packages does not exist.
10/20/2024, 7:51:12 PM - Could not find HEAD.
10/20/2024, 7:51:12 PM - Directory ../REPO_DUMP/docsearch does not exist.
10/20/2024, 7:51:12 PM - Could not find HEAD.
10/20/2024, 7:51:12 PM - Directory ../REPO_DUMP/mpc does not exist.
10/20/2024, 7:51:36 PM - Could not find HEAD.
10/20/2024, 7:51:36 PM - Directory ../REPO_DUMP/TypeScript does not exist.
10/20/2024, 7:51:36 PM - Could not find HEAD.
10/20/2024, 7:51:36 PM - Directory ../REPO_DUMP/MINGW-packages does not exist.
10/20/2024, 7:51:36 PM - Could not find HEAD.
10/20/2024, 7:51:36 PM - Directory ../REPO_DUMP/docsearch does not exist.
10/20/2024, 7:51:36 PM - Could not find HEAD.
10/20/2024, 7:51:36 PM - Directory ../REPO_DUMP/mpc does not exist.
10/20/2024, 7:52:40 PM - Could not find HEAD.
10/20/2024, 7:52:40 PM - Directory ../REPO_DUMP/C-DatabaseExplorer does not exist.
10/20/2024, 7:52:40 PM - Could not find HEAD.
10/20/2024, 7:52:40 PM - Directory ../REPO_DUMP/angular-cli does not exist.
10/20/2024, 7:52:40 PM - Could not find HEAD.
10/20/2024, 7:52:40 PM - Directory ../REPO_DUMP/CapstoneResearch does not exist.
10/20/2024, 7:52:40 PM - Could not find HEAD.
10/20/2024, 7:52:40 PM - Directory ../REPO_DUMP/array-buffer-byte-length does not exist.
10/20/2024, 7:52:40 PM - Could not find HEAD.
10/20/2024, 7:52:40 PM - Directory ../REPO_DUMP/lingua does not exist.
10/20/2024, 7:52:40 PM - Could not find HEAD.
10/20/2024, 7:52:40 PM - Directory ../REPO_DUMP/isomorphic-git does not exist.
10/20/2024, 7:52:40 PM - Could not find HEAD.
10/20/2024, 7:52:40 PM - Directory ../REPO_DUMP/material-design-lite does not exist.
10/20/2024, 8:32:49 PM - Could not find HEAD.
10/20/2024, 8:32:50 PM - Directory ../REPO_DUMP/C-DatabaseExplorer does not exist.
10/20/2024, 8:32:50 PM - Could not find HEAD.
10/20/2024, 8:32:50 PM - Directory ../REPO_DUMP/angular-cli does not exist.
10/20/2024, 8:32:50 PM - Could not find HEAD.
10/20/2024, 8:32:50 PM - Directory ../REPO_DUMP/CapstoneResearch does not exist.
10/20/2024, 8:32:50 PM - Could not find HEAD.
10/20/2024, 8:32:50 PM - Directory ../REPO_DUMP/array-buffer-byte-length does not exist.
10/20/2024, 8:32:50 PM - Could not find HEAD.
10/20/2024, 8:32:50 PM - Directory ../REPO_DUMP/lingua does not exist.
10/20/2024, 8:32:50 PM - Could not find HEAD.
10/20/2024, 8:32:50 PM - Directory ../REPO_DUMP/isomorphic-git does not exist.
10/20/2024, 8:32:50 PM - Could not find HEAD.
10/20/2024, 8:32:50 PM - Directory ../REPO_DUMP/material-design-lite does not exist.
10/20/2024, 8:34:24 PM - Could not find HEAD.
10/20/2024, 8:34:24 PM - Directory ../REPO_DUMP/C-DatabaseExplorer does not exist.
10/20/2024, 8:34:24 PM - Could not find HEAD.
10/20/2024, 8:34:24 PM - Directory ../REPO_DUMP/angular-cli does not exist.
10/20/2024, 8:34:24 PM - Could not find HEAD.
10/20/2024, 8:34:24 PM - Directory ../REPO_DUMP/CapstoneResearch does not exist.
10/20/2024, 8:34:24 PM - Could not find HEAD.
10/20/2024, 8:34:24 PM - Directory ../REPO_DUMP/array-buffer-byte-length does not exist.
10/20/2024, 8:34:24 PM - Could not find HEAD.
10/20/2024, 8:34:24 PM - Directory ../REPO_DUMP/lingua does not exist.
10/20/2024, 8:34:24 PM - Could not find HEAD.
10/20/2024, 8:34:24 PM - Directory ../REPO_DUMP/isomorphic-git does not exist.
10/20/2024, 8:34:24 PM - Could not find HEAD.
10/20/2024, 8:34:24 PM - Directory ../REPO_DUMP/material-design-lite does not exist.
10/20/2024, 8:35:16 PM - Could not find HEAD.
10/20/2024, 8:35:16 PM - Directory ../REPO_DUMP/C-DatabaseExplorer does not exist.
10/20/2024, 8:35:16 PM - Could not find HEAD.
10/20/2024, 8:35:16 PM - Directory ../REPO_DUMP/angular-cli does not exist.
10/20/2024, 8:35:16 PM - Could not find HEAD.
10/20/2024, 8:35:16 PM - Directory ../REPO_DUMP/CapstoneResearch does not exist.
10/20/2024, 8:35:16 PM - Could not find HEAD.
10/20/2024, 8:35:16 PM - Directory ../REPO_DUMP/array-buffer-byte-length does not exist.
10/20/2024, 8:35:16 PM - Could not find HEAD.
10/20/2024, 8:35:16 PM - Directory ../REPO_DUMP/lingua does not exist.
10/20/2024, 8:35:16 PM - Could not find HEAD.
10/20/2024, 8:35:16 PM - Directory ../REPO_DUMP/isomorphic-git does not exist.
10/20/2024, 8:35:16 PM - Could not find HEAD.
10/20/2024, 8:35:16 PM - Directory ../REPO_DUMP/material-design-lite does not exist.
10/20/2024, 8:35:41 PM - Could not find HEAD.
10/20/2024, 8:35:41 PM - Directory ../REPO_DUMP/C-DatabaseExplorer does not exist.
10/20/2024, 8:35:41 PM - Could not find HEAD.
10/20/2024, 8:35:41 PM - Directory ../REPO_DUMP/angular-cli does not exist.
10/20/2024, 8:35:41 PM - Could not find HEAD.
10/20/2024, 8:35:41 PM - Directory ../REPO_DUMP/CapstoneResearch does not exist.
10/20/2024, 8:35:41 PM - Could not find HEAD.
10/20/2024, 8:35:41 PM - Directory ../REPO_DUMP/array-buffer-byte-length does not exist.
10/20/2024, 8:35:41 PM - Could not find HEAD.
10/20/2024, 8:35:41 PM - Directory ../REPO_DUMP/lingua does not exist.
10/20/2024, 8:35:41 PM - Could not find HEAD.
10/20/2024, 8:35:41 PM - Directory ../REPO_DUMP/isomorphic-git does not exist.
10/20/2024, 8:35:41 PM - Could not find HEAD.
10/20/2024, 8:35:41 PM - Directory ../REPO_DUMP/material-design-lite does not exist.
10/20/2024, 8:36:07 PM - Could not find HEAD.
10/20/2024, 8:36:07 PM - Directory ../REPO_DUMP/C-DatabaseExplorer does not exist.
10/20/2024, 8:36:07 PM - Could not find HEAD.
10/20/2024, 8:36:07 PM - Directory ../REPO_DUMP/angular-cli does not exist.
10/20/2024, 8:36:07 PM - Could not find HEAD.
10/20/2024, 8:36:07 PM - Directory ../REPO_DUMP/CapstoneResearch does not exist.
10/20/2024, 8:36:07 PM - Could not find HEAD.
10/20/2024, 8:36:07 PM - Directory ../REPO_DUMP/array-buffer-byte-length does not exist.
10/20/2024, 8:36:07 PM - Could not find HEAD.
10/20/2024, 8:36:07 PM - Directory ../REPO_DUMP/lingua does not exist.
10/20/2024, 8:36:07 PM - Could not find HEAD.
10/20/2024, 8:36:07 PM - Directory ../REPO_DUMP/isomorphic-git does not exist.
10/20/2024, 8:36:07 PM - Could not find HEAD.
10/20/2024, 8:36:07 PM - Directory ../REPO_DUMP/material-design-lite does not exist.
10/20/2024, 8:37:07 PM - Could not find HEAD.
10/20/2024, 8:37:07 PM - Directory ../REPO_DUMP/C-DatabaseExplorer does not exist.
10/20/2024, 8:37:07 PM - Could not find HEAD.
10/20/2024, 8:37:07 PM - Directory ../REPO_DUMP/angular-cli does not exist.
10/20/2024, 8:37:07 PM - Could not find HEAD.
10/20/2024, 8:37:07 PM - Directory ../REPO_DUMP/CapstoneResearch does not exist.
10/20/2024, 8:37:07 PM - Could not find HEAD.
10/20/2024, 8:37:07 PM - Directory ../REPO_DUMP/array-buffer-byte-length does not exist.
10/20/2024, 8:37:07 PM - Could not find HEAD.
10/20/2024, 8:37:07 PM - Directory ../REPO_DUMP/lingua does not exist.
10/20/2024, 8:37:07 PM - Could not find HEAD.
10/20/2024, 8:37:07 PM - Directory ../REPO_DUMP/isomorphic-git does not exist.
10/20/2024, 8:37:07 PM - Could not find HEAD.
10/20/2024, 8:37:07 PM - Directory ../REPO_DUMP/material-design-lite does not exist.
10/20/2024, 9:12:49 PM - Repo C-DatabaseExplorer had a master branch, checking if it has test dir
10/20/2024, 9:12:49 PM - Repo: C-DatabaseExplorer does not have tests
10/20/2024, 9:12:49 PM - Open issues: -1
10/20/2024, 9:12:49 PM - Closed issues: undefined
10/20/2024, 9:12:49 PM - Repo angular-cli had a master branch, checking if it has test dir
10/20/2024, 9:12:49 PM - Repo: angular-cli does not have tests
10/20/2024, 9:12:49 PM - Open issues: -1
10/20/2024, 9:12:49 PM - Closed issues: undefined
10/20/2024, 9:12:49 PM - Repo CapstoneResearch had a master branch, checking if it has test dir
10/20/2024, 9:12:49 PM - Repo: CapstoneResearch does not have tests
10/20/2024, 9:12:49 PM - Open issues: -1
10/20/2024, 9:12:49 PM - Closed issues: undefined
10/20/2024, 9:12:49 PM - Repo array-buffer-byte-length had a master branch, checking if it has test dir
10/20/2024, 9:12:49 PM - Repo: array-buffer-byte-length does not have tests
10/20/2024, 9:12:49 PM - Open issues: -1
10/20/2024, 9:12:49 PM - Closed issues: undefined
10/20/2024, 9:12:49 PM - Repo lingua had a master branch, checking if it has test dir
10/20/2024, 9:12:49 PM - Repo: lingua does not have tests
10/20/2024, 9:12:49 PM - Open issues: -1
10/20/2024, 9:12:49 PM - Closed issues: undefined
10/20/2024, 9:12:49 PM - Repo isomorphic-git had a master branch, checking if it has test dir
10/20/2024, 9:12:49 PM - Repo: isomorphic-git does not have tests
10/20/2024, 9:12:49 PM - Open issues: -1
10/20/2024, 9:12:49 PM - Closed issues: undefined
10/20/2024, 9:12:49 PM - Repo material-design-lite had a master branch, checking if it has test dir
10/20/2024, 9:12:49 PM - Repo: material-design-lite does not have tests
10/20/2024, 9:12:49 PM - Open issues: -1
10/20/2024, 9:12:49 PM - Closed issues: undefined
10/20/2024, 9:15:39 PM - Repo C-DatabaseExplorer had a master branch, checking if it has test dir
10/20/2024, 9:15:39 PM - Repo: C-DatabaseExplorer does not have tests
10/20/2024, 9:15:39 PM - Open issues: -1
10/20/2024, 9:15:39 PM - Closed issues: undefined
10/20/2024, 9:15:39 PM - Repo angular-cli had a master branch, checking if it has test dir
10/20/2024, 9:15:39 PM - Repo: angular-cli does not have tests
10/20/2024, 9:15:39 PM - Open issues: -1
10/20/2024, 9:15:39 PM - Closed issues: undefined
10/20/2024, 9:15:39 PM - Repo CapstoneResearch had a master branch, checking if it has test dir
10/20/2024, 9:15:39 PM - Repo: CapstoneResearch does not have tests
10/20/2024, 9:15:39 PM - Open issues: -1
10/20/2024, 9:15:39 PM - Closed issues: undefined
10/20/2024, 9:15:39 PM - Repo array-buffer-byte-length had a master branch, checking if it has test dir
10/20/2024, 9:15:39 PM - Repo: array-buffer-byte-length does not have tests
10/20/2024, 9:15:39 PM - Open issues: -1
10/20/2024, 9:15:39 PM - Closed issues: undefined
10/20/2024, 9:15:39 PM - Repo lingua had a master branch, checking if it has test dir
10/20/2024, 9:15:39 PM - Repo: lingua does not have tests
10/20/2024, 9:15:39 PM - Open issues: -1
10/20/2024, 9:15:39 PM - Closed issues: undefined
10/20/2024, 9:15:39 PM - Repo isomorphic-git had a master branch, checking if it has test dir
10/20/2024, 9:15:39 PM - Repo: isomorphic-git does not have tests
10/20/2024, 9:15:39 PM - Open issues: -1
10/20/2024, 9:15:39 PM - Closed issues: undefined
10/20/2024, 9:15:39 PM - Repo material-design-lite had a master branch, checking if it has test dir
10/20/2024, 9:15:39 PM - Repo: material-design-lite does not have tests
10/20/2024, 9:15:39 PM - Open issues: -1
10/20/2024, 9:15:39 PM - Closed issues: undefined
10/20/2024, 9:17:10 PM - Repo C-DatabaseExplorer had a master branch, checking if it has test dir
10/20/2024, 9:17:10 PM - Repo: C-DatabaseExplorer does not have tests
10/20/2024, 9:17:10 PM - Open issues: -1
10/20/2024, 9:17:10 PM - Closed issues: undefined
10/20/2024, 9:17:10 PM - Repo angular-cli had a master branch, checking if it has test dir
10/20/2024, 9:17:10 PM - Repo: angular-cli does not have tests
10/20/2024, 9:17:10 PM - Open issues: -1
10/20/2024, 9:17:10 PM - Closed issues: undefined
10/20/2024, 9:17:10 PM - Repo CapstoneResearch had a master branch, checking if it has test dir
10/20/2024, 9:17:10 PM - Repo: CapstoneResearch does not have tests
10/20/2024, 9:17:10 PM - Open issues: -1
10/20/2024, 9:17:10 PM - Closed issues: undefined
10/20/2024, 9:17:10 PM - Repo array-buffer-byte-length had a master branch, checking if it has test dir
10/20/2024, 9:17:10 PM - Repo: array-buffer-byte-length does not have tests
10/20/2024, 9:17:10 PM - Open issues: -1
10/20/2024, 9:17:10 PM - Closed issues: undefined
10/20/2024, 9:17:10 PM - Repo lingua had a master branch, checking if it has test dir
10/20/2024, 9:17:10 PM - Repo: lingua does not have tests
10/20/2024, 9:17:10 PM - Open issues: -1
10/20/2024, 9:17:10 PM - Closed issues: undefined
10/20/2024, 9:17:10 PM - Repo isomorphic-git had a master branch, checking if it has test dir
10/20/2024, 9:17:10 PM - Repo: isomorphic-git does not have tests
10/20/2024, 9:17:10 PM - Open issues: -1
10/20/2024, 9:17:10 PM - Closed issues: undefined
10/20/2024, 9:17:10 PM - Repo material-design-lite had a master branch, checking if it has test dir
10/20/2024, 9:17:10 PM - Repo: material-design-lite does not have tests
10/20/2024, 9:17:10 PM - Open issues: -1
10/20/2024, 9:17:10 PM - Closed issues: undefined
10/20/2024, 9:17:49 PM - Repo C-DatabaseExplorer had a master branch, checking if it has test dir
10/20/2024, 9:17:49 PM - Repo: C-DatabaseExplorer does not have tests
10/20/2024, 9:17:49 PM - Open issues: -1
10/20/2024, 9:17:49 PM - Closed issues: undefined
10/20/2024, 9:17:49 PM - Repo angular-cli had a master branch, checking if it has test dir
10/20/2024, 9:17:49 PM - Repo: angular-cli does not have tests
10/20/2024, 9:17:49 PM - Open issues: -1
10/20/2024, 9:17:49 PM - Closed issues: undefined
10/20/2024, 9:17:49 PM - Repo CapstoneResearch had a master branch, checking if it has test dir
10/20/2024, 9:17:49 PM - Repo: CapstoneResearch does not have tests
10/20/2024, 9:17:49 PM - Open issues: -1
10/20/2024, 9:17:49 PM - Closed issues: undefined
10/20/2024, 9:17:49 PM - Repo array-buffer-byte-length had a master branch, checking if it has test dir
10/20/2024, 9:17:49 PM - Repo: array-buffer-byte-length does not have tests
10/20/2024, 9:17:49 PM - Open issues: -1
10/20/2024, 9:17:49 PM - Closed issues: undefined
10/20/2024, 9:17:49 PM - Repo lingua had a master branch, checking if it has test dir
10/20/2024, 9:17:49 PM - Repo: lingua does not have tests
10/20/2024, 9:17:49 PM - Open issues: -1
10/20/2024, 9:17:49 PM - Closed issues: undefined
10/20/2024, 9:17:49 PM - Repo isomorphic-git had a master branch, checking if it has test dir
10/20/2024, 9:17:49 PM - Repo: isomorphic-git does not have tests
10/20/2024, 9:17:49 PM - Open issues: -1
10/20/2024, 9:17:49 PM - Closed issues: undefined
10/20/2024, 9:17:49 PM - Repo material-design-lite had a master branch, checking if it has test dir
10/20/2024, 9:17:49 PM - Repo: material-design-lite does not have tests
10/20/2024, 9:17:49 PM - Open issues: -1
10/20/2024, 9:17:49 PM - Closed issues: undefined
10/20/2024, 9:19:36 PM - Repo C-DatabaseExplorer had a master branch, checking if it has test dir
10/20/2024, 9:19:36 PM - Repo: C-DatabaseExplorer does not have tests
10/20/2024, 9:19:36 PM - Open issues: -1
10/20/2024, 9:19:36 PM - Closed issues: undefined
10/20/2024, 9:19:36 PM - Repo angular-cli had a master branch, checking if it has test dir
10/20/2024, 9:19:36 PM - Repo: angular-cli does not have tests
10/20/2024, 9:19:36 PM - Open issues: -1
10/20/2024, 9:19:36 PM - Closed issues: undefined
10/20/2024, 9:19:36 PM - Repo CapstoneResearch had a master branch, checking if it has test dir
10/20/2024, 9:19:36 PM - Repo: CapstoneResearch does not have tests
10/20/2024, 9:19:36 PM - Open issues: -1
10/20/2024, 9:19:36 PM - Closed issues: undefined
10/20/2024, 9:19:36 PM - Repo array-buffer-byte-length had a master branch, checking if it has test dir
10/20/2024, 9:19:36 PM - Repo: array-buffer-byte-length does not have tests
10/20/2024, 9:19:36 PM - Open issues: -1
10/20/2024, 9:19:36 PM - Closed issues: undefined
10/20/2024, 9:19:36 PM - Repo lingua had a master branch, checking if it has test dir
10/20/2024, 9:19:36 PM - Repo: lingua does not have tests
10/20/2024, 9:19:36 PM - Open issues: -1
10/20/2024, 9:19:36 PM - Closed issues: undefined
10/20/2024, 9:19:36 PM - Repo isomorphic-git had a master branch, checking if it has test dir
10/20/2024, 9:19:36 PM - Repo: isomorphic-git does not have tests
10/20/2024, 9:19:36 PM - Open issues: -1
10/20/2024, 9:19:36 PM - Closed issues: undefined
10/20/2024, 9:19:36 PM - Repo material-design-lite had a master branch, checking if it has test dir
10/20/2024, 9:19:36 PM - Repo: material-design-lite does not have tests
10/20/2024, 9:19:36 PM - Open issues: -1
10/20/2024, 9:19:36 PM - Closed issues: undefined
10/20/2024, 9:20:42 PM - Repo C-DatabaseExplorer had a master branch, checking if it has test dir
10/20/2024, 9:20:42 PM - Repo: C-DatabaseExplorer does not have tests
10/20/2024, 9:20:42 PM - Open issues: -1
10/20/2024, 9:20:42 PM - Closed issues: undefined
10/20/2024, 9:20:42 PM - Repo angular-cli had a master branch, checking if it has test dir
10/20/2024, 9:20:42 PM - Repo: angular-cli does not have tests
10/20/2024, 9:20:42 PM - Open issues: -1
10/20/2024, 9:20:42 PM - Closed issues: undefined
10/20/2024, 9:20:42 PM - Repo CapstoneResearch had a master branch, checking if it has test dir
10/20/2024, 9:20:42 PM - Repo: CapstoneResearch does not have tests
10/20/2024, 9:20:42 PM - Open issues: -1
10/20/2024, 9:20:42 PM - Closed issues: undefined
10/20/2024, 9:20:42 PM - Repo array-buffer-byte-length had a master branch, checking if it has test dir
10/20/2024, 9:20:42 PM - Repo: array-buffer-byte-length does not have tests
10/20/2024, 9:20:42 PM - Open issues: -1
10/20/2024, 9:20:42 PM - Closed issues: undefined
10/20/2024, 9:20:42 PM - Repo lingua had a master branch, checking if it has test dir
10/20/2024, 9:20:42 PM - Repo: lingua does not have tests
10/20/2024, 9:20:42 PM - Open issues: -1
10/20/2024, 9:20:42 PM - Closed issues: undefined
10/20/2024, 9:20:42 PM - Repo isomorphic-git had a master branch, checking if it has test dir
10/20/2024, 9:20:42 PM - Repo: isomorphic-git does not have tests
10/20/2024, 9:20:42 PM - Open issues: -1
10/20/2024, 9:20:42 PM - Closed issues: undefined
10/20/2024, 9:20:42 PM - Repo material-design-lite had a master branch, checking if it has test dir
10/20/2024, 9:20:42 PM - Repo: material-design-lite does not have tests
10/20/2024, 9:20:42 PM - Open issues: -1
10/20/2024, 9:20:42 PM - Closed issues: undefined
10/20/2024, 9:21:23 PM - Repo C-DatabaseExplorer had a master branch, checking if it has test dir
10/20/2024, 9:21:23 PM - Repo: C-DatabaseExplorer does not have tests
10/20/2024, 9:21:23 PM - Open issues: -1
10/20/2024, 9:21:23 PM - Closed issues: undefined
10/20/2024, 9:21:23 PM - Repo angular-cli had a master branch, checking if it has test dir
10/20/2024, 9:21:23 PM - Repo: angular-cli does not have tests
10/20/2024, 9:21:23 PM - Open issues: -1
10/20/2024, 9:21:23 PM - Closed issues: undefined
10/20/2024, 9:21:23 PM - Repo CapstoneResearch had a master branch, checking if it has test dir
10/20/2024, 9:21:23 PM - Repo: CapstoneResearch does not have tests
10/20/2024, 9:21:23 PM - Open issues: -1
10/20/2024, 9:21:23 PM - Closed issues: undefined
10/20/2024, 9:21:23 PM - Repo array-buffer-byte-length had a master branch, checking if it has test dir
10/20/2024, 9:21:23 PM - Repo: array-buffer-byte-length does not have tests
10/20/2024, 9:21:23 PM - Open issues: -1
10/20/2024, 9:21:23 PM - Closed issues: undefined
10/20/2024, 9:21:23 PM - Repo lingua had a master branch, checking if it has test dir
10/20/2024, 9:21:23 PM - Repo: lingua does not have tests
10/20/2024, 9:21:23 PM - Open issues: -1
10/20/2024, 9:21:23 PM - Closed issues: undefined
10/20/2024, 9:21:23 PM - Repo isomorphic-git had a master branch, checking if it has test dir
10/20/2024, 9:21:23 PM - Repo: isomorphic-git does not have tests
10/20/2024, 9:21:23 PM - Open issues: -1
10/20/2024, 9:21:23 PM - Closed issues: undefined
10/20/2024, 9:21:23 PM - Repo material-design-lite had a master branch, checking if it has test dir
10/20/2024, 9:21:23 PM - Repo: material-design-lite does not have tests
10/20/2024, 9:21:23 PM - Open issues: -1
10/20/2024, 9:21:23 PM - Closed issues: undefined
10/20/2024, 9:24:25 PM - Readme size was not defined for comparison
10/20/2024, 9:24:25 PM - Readme size was not defined for comparison
10/20/2024, 9:24:25 PM - Readme size was not defined for comparison
10/20/2024, 9:24:25 PM - Readme size was not defined for comparison
10/20/2024, 9:24:25 PM - Readme size was not defined for comparison
10/20/2024, 9:24:25 PM - Readme size was not defined for comparison
10/20/2024, 9:24:25 PM - Readme size was not defined for comparison
10/20/2024, 9:24:25 PM - Repo: C-DatabaseExplorer does not have tests
10/20/2024, 9:24:25 PM - Open issues: undefined
10/20/2024, 9:24:25 PM - Closed issues: undefined
10/20/2024, 9:24:25 PM - Repo: angular-cli does not have tests
10/20/2024, 9:24:25 PM - Open issues: undefined
10/20/2024, 9:24:25 PM - Closed issues: undefined
10/20/2024, 9:24:25 PM - Repo: CapstoneResearch does not have tests
10/20/2024, 9:24:25 PM - Open issues: undefined
10/20/2024, 9:24:25 PM - Closed issues: undefined
10/20/2024, 9:24:25 PM - Repo: array-buffer-byte-length does not have tests
10/20/2024, 9:24:25 PM - Open issues: undefined
10/20/2024, 9:24:25 PM - Closed issues: undefined
10/20/2024, 9:24:25 PM - Repo: lingua does not have tests
10/20/2024, 9:24:25 PM - Open issues: undefined
10/20/2024, 9:24:25 PM - Closed issues: undefined
10/20/2024, 9:24:25 PM - Repo: isomorphic-git does not have tests
10/20/2024, 9:24:25 PM - Open issues: undefined
10/20/2024, 9:24:25 PM - Closed issues: undefined
10/20/2024, 9:24:25 PM - Repo: material-design-lite does not have tests
10/20/2024, 9:24:25 PM - Open issues: undefined
10/20/2024, 9:24:25 PM - Closed issues: undefined
10/22/2024, 10:33:07 AM - Readme size was not defined for comparison
10/22/2024, 10:33:07 AM - Readme size was not defined for comparison
10/22/2024, 10:33:07 AM - Readme size was not defined for comparison
10/22/2024, 10:33:07 AM - Readme size was not defined for comparison
10/22/2024, 10:33:07 AM - Readme size was not defined for comparison
10/22/2024, 10:33:07 AM - Readme size was not defined for comparison
10/22/2024, 10:33:07 AM - Readme size was not defined for comparison
10/22/2024, 10:33:07 AM - Repo: C-DatabaseExplorer does not have tests
10/22/2024, 10:33:07 AM - Open issues: undefined
10/22/2024, 10:33:07 AM - Closed issues: undefined
10/22/2024, 10:33:07 AM - Repo: angular-cli does not have tests
10/22/2024, 10:33:07 AM - Open issues: undefined
10/22/2024, 10:33:07 AM - Closed issues: undefined
10/22/2024, 10:33:07 AM - Repo: CapstoneResearch does not have tests
10/22/2024, 10:33:07 AM - Open issues: undefined
10/22/2024, 10:33:07 AM - Closed issues: undefined
10/22/2024, 10:33:07 AM - Repo: array-buffer-byte-length does not have tests
10/22/2024, 10:33:07 AM - Open issues: undefined
10/22/2024, 10:33:07 AM - Closed issues: undefined
10/22/2024, 10:33:07 AM - Repo: lingua does not have tests
10/22/2024, 10:33:07 AM - Open issues: undefined
10/22/2024, 10:33:07 AM - Closed issues: undefined
10/22/2024, 10:33:07 AM - Repo: isomorphic-git does not have tests
10/22/2024, 10:33:07 AM - Open issues: undefined
10/22/2024, 10:33:07 AM - Closed issues: undefined
10/22/2024, 10:33:07 AM - Repo: material-design-lite does not have tests
10/22/2024, 10:33:07 AM - Open issues: undefined
10/22/2024, 10:33:07 AM - Closed issues: undefined
10/22/2024, 10:45:26 AM - Readme size was not defined for comparison
10/22/2024, 10:45:26 AM - Readme size was not defined for comparison
10/22/2024, 10:45:26 AM - Readme size was not defined for comparison
10/22/2024, 10:45:26 AM - Readme size was not defined for comparison
10/22/2024, 10:45:26 AM - Readme size was not defined for comparison
10/22/2024, 10:45:26 AM - Readme size was not defined for comparison
10/22/2024, 10:45:26 AM - Readme size was not defined for comparison
10/22/2024, 10:45:26 AM - Repo: C-DatabaseExplorer does not have tests
10/22/2024, 10:45:26 AM - Open issues: undefined
10/22/2024, 10:45:26 AM - Closed issues: undefined
10/22/2024, 10:45:26 AM - Repo: angular-cli does not have tests
10/22/2024, 10:45:26 AM - Open issues: undefined
10/22/2024, 10:45:26 AM - Closed issues: undefined
10/22/2024, 10:45:26 AM - Repo: CapstoneResearch does not have tests
10/22/2024, 10:45:26 AM - Open issues: undefined
10/22/2024, 10:45:26 AM - Closed issues: undefined
10/22/2024, 10:45:26 AM - Repo: array-buffer-byte-length does not have tests
10/22/2024, 10:45:26 AM - Open issues: undefined
10/22/2024, 10:45:26 AM - Closed issues: undefined
10/22/2024, 10:45:26 AM - Repo: lingua does not have tests
10/22/2024, 10:45:26 AM - Open issues: undefined
10/22/2024, 10:45:26 AM - Closed issues: undefined
10/22/2024, 10:45:26 AM - Repo: isomorphic-git does not have tests
10/22/2024, 10:45:26 AM - Open issues: undefined
10/22/2024, 10:45:26 AM - Closed issues: undefined
10/22/2024, 10:45:26 AM - Repo: material-design-lite does not have tests
10/22/2024, 10:45:26 AM - Open issues: undefined
10/22/2024, 10:45:26 AM - Closed issues: undefined
10/22/2024, 5:19:43 PM - Readme size was not defined for comparison
10/22/2024, 5:19:43 PM - Readme size was not defined for comparison
10/22/2024, 5:19:43 PM - Readme size was not defined for comparison
10/22/2024, 5:19:43 PM - Readme size was not defined for comparison
10/22/2024, 5:19:43 PM - Readme size was not defined for comparison
10/22/2024, 5:19:43 PM - Readme size was not defined for comparison
10/22/2024, 5:19:43 PM - Readme size was not defined for comparison
10/22/2024, 5:19:43 PM - Repo: C-DatabaseExplorer does not have tests
10/22/2024, 5:19:43 PM - Open issues: undefined
10/22/2024, 5:19:43 PM - Closed issues: undefined
10/22/2024, 5:19:43 PM - Repo: angular-cli does not have tests
10/22/2024, 5:19:43 PM - Open issues: undefined
10/22/2024, 5:19:43 PM - Closed issues: undefined
10/22/2024, 5:19:43 PM - Repo: CapstoneResearch does not have tests
10/22/2024, 5:19:43 PM - Open issues: undefined
10/22/2024, 5:19:43 PM - Closed issues: undefined
10/22/2024, 5:19:43 PM - Repo: array-buffer-byte-length does not have tests
10/22/2024, 5:19:43 PM - Open issues: undefined
10/22/2024, 5:19:43 PM - Closed issues: undefined
10/22/2024, 5:19:43 PM - Repo: lingua does not have tests
10/22/2024, 5:19:43 PM - Open issues: undefined
10/22/2024, 5:19:43 PM - Closed issues: undefined
10/22/2024, 5:19:43 PM - Repo: isomorphic-git does not have tests
10/22/2024, 5:19:43 PM - Open issues: undefined
10/22/2024, 5:19:43 PM - Closed issues: undefined
10/22/2024, 5:19:43 PM - Repo: material-design-lite does not have tests
10/22/2024, 5:19:43 PM - Open issues: undefined
10/22/2024, 5:19:43 PM - Closed issues: undefined
10/22/2024, 5:39:29 PM - Readme size was not defined for comparison
10/22/2024, 5:39:29 PM - Readme size was not defined for comparison
10/22/2024, 5:39:29 PM - Readme size was not defined for comparison
10/22/2024, 5:39:29 PM - Readme size was not defined for comparison
10/22/2024, 5:39:29 PM - Readme size was not defined for comparison
10/22/2024, 5:39:29 PM - Readme size was not defined for comparison
10/22/2024, 5:39:29 PM - Readme size was not defined for comparison
10/22/2024, 5:39:29 PM - Repo: C-DatabaseExplorer does not have tests
10/22/2024, 5:39:29 PM - Open issues: undefined
10/22/2024, 5:39:29 PM - Closed issues: undefined
10/22/2024, 5:39:29 PM - Repo: angular-cli does not have tests
10/22/2024, 5:39:29 PM - Open issues: undefined
10/22/2024, 5:39:29 PM - Closed issues: undefined
10/22/2024, 5:39:29 PM - Repo: CapstoneResearch does not have tests
10/22/2024, 5:39:29 PM - Open issues: undefined
10/22/2024, 5:39:29 PM - Closed issues: undefined
10/22/2024, 5:39:29 PM - Repo: array-buffer-byte-length does not have tests
10/22/2024, 5:39:29 PM - Open issues: undefined
10/22/2024, 5:39:29 PM - Closed issues: undefined
10/22/2024, 5:39:29 PM - Repo: lingua does not have tests
10/22/2024, 5:39:29 PM - Open issues: undefined
10/22/2024, 5:39:29 PM - Closed issues: undefined
10/22/2024, 5:39:29 PM - Repo: isomorphic-git does not have tests
10/22/2024, 5:39:29 PM - Open issues: undefined
10/22/2024, 5:39:29 PM - Closed issues: undefined
10/22/2024, 5:39:29 PM - Repo: material-design-lite does not have tests
10/22/2024, 5:39:29 PM - Open issues: undefined
10/22/2024, 5:39:29 PM - Closed issues: undefined
10/22/2024, 5:39:47 PM - Readme size was not defined for comparison
10/22/2024, 5:39:47 PM - Readme size was not defined for comparison
10/22/2024, 5:39:47 PM - Readme size was not defined for comparison
10/22/2024, 5:39:47 PM - Readme size was not defined for comparison
10/22/2024, 5:39:47 PM - Readme size was not defined for comparison
10/22/2024, 5:39:47 PM - Readme size was not defined for comparison
10/22/2024, 5:39:47 PM - Readme size was not defined for comparison
10/22/2024, 5:39:47 PM - Repo: C-DatabaseExplorer does not have tests
10/22/2024, 5:39:47 PM - Open issues: undefined
10/22/2024, 5:39:47 PM - Closed issues: undefined
10/22/2024, 5:39:47 PM - Repo: angular-cli does not have tests
10/22/2024, 5:39:47 PM - Open issues: undefined
10/22/2024, 5:39:47 PM - Closed issues: undefined
10/22/2024, 5:39:47 PM - Repo: CapstoneResearch does not have tests
10/22/2024, 5:39:47 PM - Open issues: undefined
10/22/2024, 5:39:47 PM - Closed issues: undefined
10/22/2024, 5:39:47 PM - Repo: array-buffer-byte-length does not have tests
10/22/2024, 5:39:47 PM - Open issues: undefined
10/22/2024, 5:39:47 PM - Closed issues: undefined
10/22/2024, 5:39:47 PM - Repo: lingua does not have tests
10/22/2024, 5:39:47 PM - Open issues: undefined
10/22/2024, 5:39:47 PM - Closed issues: undefined
10/22/2024, 5:39:47 PM - Repo: isomorphic-git does not have tests
10/22/2024, 5:39:47 PM - Open issues: undefined
10/22/2024, 5:39:47 PM - Closed issues: undefined
10/22/2024, 5:39:47 PM - Repo: material-design-lite does not have tests
10/22/2024, 5:39:47 PM - Open issues: undefined
10/22/2024, 5:39:47 PM - Closed issues: undefined
10/22/2024, 5:43:14 PM - Readme size was not defined for comparison
10/22/2024, 5:43:14 PM - Readme size was not defined for comparison
10/22/2024, 5:43:14 PM - Readme size was not defined for comparison
10/22/2024, 5:43:14 PM - Readme size was not defined for comparison
10/22/2024, 5:43:14 PM - Readme size was not defined for comparison
10/22/2024, 5:43:14 PM - Readme size was not defined for comparison
10/22/2024, 5:43:14 PM - Readme size was not defined for comparison
10/22/2024, 5:43:14 PM - Repo: C-DatabaseExplorer does not have tests
10/22/2024, 5:43:14 PM - Open issues: undefined
10/22/2024, 5:43:14 PM - Closed issues: undefined
10/22/2024, 5:43:14 PM - Repo: angular-cli does not have tests
10/22/2024, 5:43:14 PM - Open issues: undefined
10/22/2024, 5:43:14 PM - Closed issues: undefined
10/22/2024, 5:43:14 PM - Repo: CapstoneResearch does not have tests
10/22/2024, 5:43:14 PM - Open issues: undefined
10/22/2024, 5:43:14 PM - Closed issues: undefined
10/22/2024, 5:43:14 PM - Repo: array-buffer-byte-length does not have tests
10/22/2024, 5:43:14 PM - Open issues: undefined
10/22/2024, 5:43:14 PM - Closed issues: undefined
10/22/2024, 5:43:14 PM - Repo: lingua does not have tests
10/22/2024, 5:43:14 PM - Open issues: undefined
10/22/2024, 5:43:14 PM - Closed issues: undefined
10/22/2024, 5:43:14 PM - Repo: isomorphic-git does not have tests
10/22/2024, 5:43:14 PM - Open issues: undefined
10/22/2024, 5:43:14 PM - Closed issues: undefined
10/22/2024, 5:43:14 PM - Repo: material-design-lite does not have tests
10/22/2024, 5:43:14 PM - Open issues: undefined
10/22/2024, 5:43:14 PM - Closed issues: undefined
10/22/2024, 5:43:15 PM - Error fetching authors: Error: HTTP error! Status: 404
10/22/2024, 5:43:15 PM - Error fetching authors: Error: HTTP error! Status: 404
10/22/2024, 5:43:15 PM - Error fetching authors: Error: HTTP error! Status: 404
10/22/2024, 5:43:15 PM - Error fetching authors: Error: HTTP error! Status: 404
10/22/2024, 5:43:15 PM - Error fetching authors: Error: HTTP error! Status: 404
10/22/2024, 5:43:15 PM - Error fetching authors: Error: HTTP error! Status: 404
10/22/2024, 5:43:15 PM - Error fetching authors: Error: HTTP error! Status: 404
10/22/2024, 5:47:04 PM - Readme size was not defined for comparison
10/22/2024, 5:47:04 PM - Readme size was not defined for comparison
10/22/2024, 5:47:04 PM - Readme size was not defined for comparison
10/22/2024, 5:47:04 PM - Readme size was not defined for comparison
10/22/2024, 5:47:04 PM - Readme size was not defined for comparison
10/22/2024, 5:47:04 PM - Readme size was not defined for comparison
10/22/2024, 5:47:04 PM - Readme size was not defined for comparison
10/22/2024, 5:47:04 PM - Repo: C-DatabaseExplorer does not have tests
10/22/2024, 5:47:04 PM - Open issues: undefined
10/22/2024, 5:47:04 PM - Closed issues: undefined
10/22/2024, 5:47:04 PM - Repo: angular-cli does not have tests
10/22/2024, 5:47:04 PM - Open issues: undefined
10/22/2024, 5:47:04 PM - Closed issues: undefined
10/22/2024, 5:47:04 PM - Repo: CapstoneResearch does not have tests
10/22/2024, 5:47:04 PM - Open issues: undefined
10/22/2024, 5:47:04 PM - Closed issues: undefined
10/22/2024, 5:47:04 PM - Repo: array-buffer-byte-length does not have tests
10/22/2024, 5:47:04 PM - Open issues: undefined
10/22/2024, 5:47:04 PM - Closed issues: undefined
10/22/2024, 5:47:04 PM - Repo: lingua does not have tests
10/22/2024, 5:47:04 PM - Open issues: undefined
10/22/2024, 5:47:04 PM - Closed issues: undefined
10/22/2024, 5:47:04 PM - Repo: isomorphic-git does not have tests
10/22/2024, 5:47:04 PM - Open issues: undefined
10/22/2024, 5:47:04 PM - Closed issues: undefined
10/22/2024, 5:47:04 PM - Repo: material-design-lite does not have tests
10/22/2024, 5:47:04 PM - Open issues: undefined
10/22/2024, 5:47:04 PM - Closed issues: undefined
10/22/2024, 5:47:05 PM - Error fetching authors: Error: HTTP error! Status: 404
10/22/2024, 5:47:05 PM - Error fetching authors: Error: HTTP error! Status: 404
10/22/2024, 5:47:05 PM - Error fetching authors: Error: HTTP error! Status: 404
10/22/2024, 5:47:05 PM - Error fetching authors: Error: HTTP error! Status: 404
10/22/2024, 5:47:05 PM - Error fetching authors: Error: HTTP error! Status: 404
10/22/2024, 5:47:05 PM - Error fetching authors: Error: HTTP error! Status: 404
10/22/2024, 5:47:05 PM - Error fetching authors: Error: HTTP error! Status: 404
10/22/2024, 5:48:57 PM - Readme size was not defined for comparison
10/22/2024, 5:48:57 PM - Readme size was not defined for comparison
10/22/2024, 5:48:57 PM - Readme size was not defined for comparison
10/22/2024, 5:48:57 PM - Readme size was not defined for comparison
10/22/2024, 5:48:57 PM - Readme size was not defined for comparison
10/22/2024, 5:48:57 PM - Readme size was not defined for comparison
10/22/2024, 5:48:57 PM - Readme size was not defined for comparison
10/22/2024, 5:48:57 PM - Repo: C-DatabaseExplorer does not have tests
10/22/2024, 5:48:57 PM - Open issues: undefined
10/22/2024, 5:48:57 PM - Closed issues: undefined
10/22/2024, 5:48:57 PM - Repo: angular-cli does not have tests
10/22/2024, 5:48:57 PM - Open issues: undefined
10/22/2024, 5:48:57 PM - Closed issues: undefined
10/22/2024, 5:48:57 PM - Repo: CapstoneResearch does not have tests
10/22/2024, 5:48:57 PM - Open issues: undefined
10/22/2024, 5:48:57 PM - Closed issues: undefined
10/22/2024, 5:48:57 PM - Repo: array-buffer-byte-length does not have tests
10/22/2024, 5:48:57 PM - Open issues: undefined
10/22/2024, 5:48:57 PM - Closed issues: undefined
10/22/2024, 5:48:57 PM - Repo: lingua does not have tests
10/22/2024, 5:48:57 PM - Open issues: undefined
10/22/2024, 5:48:57 PM - Closed issues: undefined
10/22/2024, 5:48:57 PM - Repo: isomorphic-git does not have tests
10/22/2024, 5:48:57 PM - Open issues: undefined
10/22/2024, 5:48:57 PM - Closed issues: undefined
10/22/2024, 5:48:57 PM - Repo: material-design-lite does not have tests
10/22/2024, 5:48:57 PM - Open issues: undefined
10/22/2024, 5:48:57 PM - Closed issues: undefined
10/22/2024, 5:48:57 PM - Error fetching authors: Error: HTTP error! Status: 404
10/22/2024, 5:48:57 PM - Error fetching authors: Error: HTTP error! Status: 404
10/22/2024, 5:48:57 PM - Error fetching authors: Error: HTTP error! Status: 404
10/22/2024, 5:48:57 PM - Error fetching authors: Error: HTTP error! Status: 404
10/22/2024, 5:48:57 PM - Error fetching authors: Error: HTTP error! Status: 404
10/22/2024, 5:48:57 PM - Error fetching authors: Error: HTTP error! Status: 404
10/22/2024, 5:48:57 PM - Error fetching authors: Error: HTTP error! Status: 404
10/22/2024, 5:55:53 PM - Readme size was not defined for comparison
10/22/2024, 5:55:53 PM - Readme size was not defined for comparison
10/22/2024, 5:55:53 PM - Readme size was not defined for comparison
10/22/2024, 5:55:53 PM - Readme size was not defined for comparison
10/22/2024, 5:55:53 PM - Readme size was not defined for comparison
10/22/2024, 5:55:53 PM - Readme size was not defined for comparison
10/22/2024, 5:55:53 PM - Readme size was not defined for comparison
10/22/2024, 5:55:53 PM - Repo: C-DatabaseExplorer does not have tests
10/22/2024, 5:55:53 PM - Open issues: undefined
10/22/2024, 5:55:53 PM - Closed issues: undefined
10/22/2024, 5:55:53 PM - Repo: angular-cli does not have tests
10/22/2024, 5:55:53 PM - Open issues: undefined
10/22/2024, 5:55:53 PM - Closed issues: undefined
10/22/2024, 5:55:53 PM - Repo: CapstoneResearch does not have tests
10/22/2024, 5:55:53 PM - Open issues: undefined
10/22/2024, 5:55:53 PM - Closed issues: undefined
10/22/2024, 5:55:53 PM - Repo: array-buffer-byte-length does not have tests
10/22/2024, 5:55:53 PM - Open issues: undefined
10/22/2024, 5:55:53 PM - Closed issues: undefined
10/22/2024, 5:55:53 PM - Repo: lingua does not have tests
10/22/2024, 5:55:53 PM - Open issues: undefined
10/22/2024, 5:55:53 PM - Closed issues: undefined
10/22/2024, 5:55:53 PM - Repo: isomorphic-git does not have tests
10/22/2024, 5:55:53 PM - Open issues: undefined
10/22/2024, 5:55:53 PM - Closed issues: undefined
10/22/2024, 5:55:53 PM - Repo: material-design-lite does not have tests
10/22/2024, 5:55:53 PM - Open issues: undefined
10/22/2024, 5:55:53 PM - Closed issues: undefined
10/22/2024, 5:55:53 PM - Error fetching authors: Error: HTTP error! Status: 404
10/22/2024, 5:55:53 PM - Error fetching authors: Error: HTTP error! Status: 404
10/22/2024, 5:55:53 PM - Error fetching authors: Error: HTTP error! Status: 404
10/22/2024, 5:55:53 PM - Error fetching authors: Error: HTTP error! Status: 404
10/22/2024, 5:55:53 PM - Error fetching authors: Error: HTTP error! Status: 404
10/22/2024, 5:55:53 PM - Error fetching authors: Error: HTTP error! Status: 404
10/22/2024, 5:55:53 PM - Error fetching authors: Error: HTTP error! Status: 404
10/22/2024, 5:56:16 PM - Readme size was not defined for comparison
10/22/2024, 5:56:16 PM - Readme size was not defined for comparison
10/22/2024, 5:56:16 PM - Readme size was not defined for comparison
10/22/2024, 5:56:16 PM - Readme size was not defined for comparison
10/22/2024, 5:56:16 PM - Readme size was not defined for comparison
10/22/2024, 5:56:16 PM - Readme size was not defined for comparison
10/22/2024, 5:56:16 PM - Readme size was not defined for comparison
10/22/2024, 5:56:16 PM - Repo: C-DatabaseExplorer does not have tests
10/22/2024, 5:56:16 PM - Open issues: undefined
10/22/2024, 5:56:16 PM - Closed issues: undefined
10/22/2024, 5:56:16 PM - Repo: angular-cli does not have tests
10/22/2024, 5:56:16 PM - Open issues: undefined
10/22/2024, 5:56:16 PM - Closed issues: undefined
10/22/2024, 5:56:16 PM - Repo: CapstoneResearch does not have tests
10/22/2024, 5:56:16 PM - Open issues: undefined
10/22/2024, 5:56:16 PM - Closed issues: undefined
10/22/2024, 5:56:16 PM - Repo: array-buffer-byte-length does not have tests
10/22/2024, 5:56:16 PM - Open issues: undefined
10/22/2024, 5:56:16 PM - Closed issues: undefined
10/22/2024, 5:56:16 PM - Repo: lingua does not have tests
10/22/2024, 5:56:16 PM - Open issues: undefined
10/22/2024, 5:56:16 PM - Closed issues: undefined
10/22/2024, 5:56:16 PM - Repo: isomorphic-git does not have tests
10/22/2024, 5:56:16 PM - Open issues: undefined
10/22/2024, 5:56:16 PM - Closed issues: undefined
10/22/2024, 5:56:16 PM - Repo: material-design-lite does not have tests
10/22/2024, 5:56:16 PM - Open issues: undefined
10/22/2024, 5:56:16 PM - Closed issues: undefined
10/22/2024, 5:56:16 PM - Error fetching authors: Error: HTTP error! Status: 404
10/22/2024, 5:56:16 PM - Error fetching authors: Error: HTTP error! Status: 404
10/22/2024, 5:56:16 PM - Error fetching authors: Error: HTTP error! Status: 404
10/22/2024, 5:56:16 PM - Error fetching authors: Error: HTTP error! Status: 404
10/22/2024, 5:56:16 PM - Error fetching authors: Error: HTTP error! Status: 404
10/22/2024, 5:56:16 PM - Error fetching authors: Error: HTTP error! Status: 404
10/22/2024, 5:56:16 PM - Error fetching authors: Error: HTTP error! Status: 404
10/22/2024, 5:58:04 PM - Readme size was not defined for comparison
10/22/2024, 5:58:05 PM - Readme size was not defined for comparison
10/22/2024, 5:58:05 PM - Readme size was not defined for comparison
10/22/2024, 5:58:05 PM - Readme size was not defined for comparison
10/22/2024, 5:58:05 PM - Readme size was not defined for comparison
10/22/2024, 5:58:05 PM - Readme size was not defined for comparison
10/22/2024, 5:58:05 PM - Readme size was not defined for comparison
10/22/2024, 5:58:05 PM - Repo: C-DatabaseExplorer does not have tests
10/22/2024, 5:58:05 PM - Open issues: undefined
10/22/2024, 5:58:05 PM - Closed issues: undefined
10/22/2024, 5:58:05 PM - Repo: angular-cli does not have tests
10/22/2024, 5:58:05 PM - Open issues: undefined
10/22/2024, 5:58:05 PM - Closed issues: undefined
10/22/2024, 5:58:05 PM - Repo: CapstoneResearch does not have tests
10/22/2024, 5:58:05 PM - Open issues: undefined
10/22/2024, 5:58:05 PM - Closed issues: undefined
10/22/2024, 5:58:05 PM - Repo: array-buffer-byte-length does not have tests
10/22/2024, 5:58:05 PM - Open issues: undefined
10/22/2024, 5:58:05 PM - Closed issues: undefined
10/22/2024, 5:58:05 PM - Repo: lingua does not have tests
10/22/2024, 5:58:05 PM - Open issues: undefined
10/22/2024, 5:58:05 PM - Closed issues: undefined
10/22/2024, 5:58:05 PM - Repo: isomorphic-git does not have tests
10/22/2024, 5:58:05 PM - Open issues: undefined
10/22/2024, 5:58:05 PM - Closed issues: undefined
10/22/2024, 5:58:05 PM - Repo: material-design-lite does not have tests
10/22/2024, 5:58:05 PM - Open issues: undefined
10/22/2024, 5:58:05 PM - Closed issues: undefined
10/22/2024, 5:58:05 PM - Error fetching authors: Error: HTTP error! Status: 404
10/22/2024, 5:58:05 PM - Error fetching authors: Error: HTTP error! Status: 404
10/22/2024, 5:58:05 PM - Error fetching authors: Error: HTTP error! Status: 404
10/22/2024, 5:58:05 PM - Error fetching authors: Error: HTTP error! Status: 404
10/22/2024, 5:58:05 PM - Error fetching authors: Error: HTTP error! Status: 404
10/22/2024, 5:58:05 PM - Error fetching authors: Error: HTTP error! Status: 404
10/22/2024, 5:58:05 PM - Error fetching authors: Error: HTTP error! Status: 404
10/22/2024, 6:00:41 PM - Readme size was not defined for comparison
10/22/2024, 6:00:41 PM - Readme size was not defined for comparison
10/22/2024, 6:00:41 PM - Readme size was not defined for comparison
10/22/2024, 6:00:41 PM - Readme size was not defined for comparison
10/22/2024, 6:00:41 PM - Readme size was not defined for comparison
10/22/2024, 6:00:41 PM - Readme size was not defined for comparison
10/22/2024, 6:00:41 PM - Readme size was not defined for comparison
10/22/2024, 6:00:41 PM - Repo: C-DatabaseExplorer does not have tests
10/22/2024, 6:00:41 PM - Open issues: undefined
10/22/2024, 6:00:41 PM - Closed issues: undefined
10/22/2024, 6:00:41 PM - Repo: angular-cli does not have tests
10/22/2024, 6:00:41 PM - Open issues: undefined
10/22/2024, 6:00:41 PM - Closed issues: undefined
10/22/2024, 6:00:41 PM - Repo: CapstoneResearch does not have tests
10/22/2024, 6:00:41 PM - Open issues: undefined
10/22/2024, 6:00:41 PM - Closed issues: undefined
10/22/2024, 6:00:41 PM - Repo: array-buffer-byte-length does not have tests
10/22/2024, 6:00:41 PM - Open issues: undefined
10/22/2024, 6:00:41 PM - Closed issues: undefined
10/22/2024, 6:00:41 PM - Repo: lingua does not have tests
10/22/2024, 6:00:41 PM - Open issues: undefined
10/22/2024, 6:00:41 PM - Closed issues: undefined
10/22/2024, 6:00:41 PM - Repo: isomorphic-git does not have tests
10/22/2024, 6:00:41 PM - Open issues: undefined
10/22/2024, 6:00:41 PM - Closed issues: undefined
10/22/2024, 6:00:41 PM - Repo: material-design-lite does not have tests
10/22/2024, 6:00:41 PM - Open issues: undefined
10/22/2024, 6:00:41 PM - Closed issues: undefined
10/22/2024, 6:00:41 PM - Error fetching authors: Error: HTTP error! Status: 404
10/22/2024, 6:00:41 PM - Error fetching authors: Error: HTTP error! Status: 404
10/22/2024, 6:00:41 PM - Error fetching authors: Error: HTTP error! Status: 404
10/22/2024, 6:00:41 PM - Error fetching authors: Error: HTTP error! Status: 404
10/22/2024, 6:00:41 PM - Error fetching authors: Error: HTTP error! Status: 404
10/22/2024, 6:00:41 PM - Error fetching authors: Error: HTTP error! Status: 404
10/22/2024, 6:00:41 PM - Error fetching authors: Error: HTTP error! Status: 404
10/22/2024, 6:01:24 PM - Readme size was not defined for comparison
10/22/2024, 6:01:24 PM - Readme size was not defined for comparison
10/22/2024, 6:01:24 PM - Readme size was not defined for comparison
10/22/2024, 6:01:24 PM - Readme size was not defined for comparison
10/22/2024, 6:01:24 PM - Readme size was not defined for comparison
10/22/2024, 6:01:24 PM - Readme size was not defined for comparison
10/22/2024, 6:01:24 PM - Readme size was not defined for comparison
10/22/2024, 6:01:24 PM - Repo: C-DatabaseExplorer does not have tests
10/22/2024, 6:01:24 PM - Open issues: undefined
10/22/2024, 6:01:24 PM - Closed issues: undefined
10/22/2024, 6:01:24 PM - Repo: angular-cli does not have tests
10/22/2024, 6:01:24 PM - Open issues: undefined
10/22/2024, 6:01:24 PM - Closed issues: undefined
10/22/2024, 6:01:24 PM - Repo: CapstoneResearch does not have tests
10/22/2024, 6:01:24 PM - Open issues: undefined
10/22/2024, 6:01:24 PM - Closed issues: undefined
10/22/2024, 6:01:24 PM - Repo: array-buffer-byte-length does not have tests
10/22/2024, 6:01:24 PM - Open issues: undefined
10/22/2024, 6:01:24 PM - Closed issues: undefined
10/22/2024, 6:01:24 PM - Repo: lingua does not have tests
10/22/2024, 6:01:24 PM - Open issues: undefined
10/22/2024, 6:01:24 PM - Closed issues: undefined
10/22/2024, 6:01:24 PM - Repo: isomorphic-git does not have tests
10/22/2024, 6:01:24 PM - Open issues: undefined
10/22/2024, 6:01:24 PM - Closed issues: undefined
10/22/2024, 6:01:24 PM - Repo: material-design-lite does not have tests
10/22/2024, 6:01:24 PM - Open issues: undefined
10/22/2024, 6:01:24 PM - Closed issues: undefined
10/22/2024, 6:01:24 PM - Error fetching authors: Error: HTTP error! Status: 404
10/22/2024, 6:01:24 PM - Error fetching authors: Error: HTTP error! Status: 404
10/22/2024, 6:01:24 PM - Error fetching authors: Error: HTTP error! Status: 404
10/22/2024, 6:01:24 PM - Error fetching authors: Error: HTTP error! Status: 404
10/22/2024, 6:01:24 PM - Error fetching authors: Error: HTTP error! Status: 404
10/22/2024, 6:01:24 PM - Error fetching authors: Error: HTTP error! Status: 404
10/22/2024, 6:01:24 PM - Error fetching authors: Error: HTTP error! Status: 404
10/22/2024, 6:03:27 PM - Readme size was not defined for comparison
10/22/2024, 6:03:27 PM - Readme size was not defined for comparison
10/22/2024, 6:03:27 PM - Readme size was not defined for comparison
10/22/2024, 6:03:27 PM - Readme size was not defined for comparison
10/22/2024, 6:03:27 PM - Readme size was not defined for comparison
10/22/2024, 6:03:27 PM - Readme size was not defined for comparison
10/22/2024, 6:03:27 PM - Readme size was not defined for comparison
10/22/2024, 6:03:27 PM - Repo: C-DatabaseExplorer does not have tests
10/22/2024, 6:03:27 PM - Open issues: undefined
10/22/2024, 6:03:27 PM - Closed issues: undefined
10/22/2024, 6:03:27 PM - Repo: angular-cli does not have tests
10/22/2024, 6:03:27 PM - Open issues: undefined
10/22/2024, 6:03:27 PM - Closed issues: undefined
10/22/2024, 6:03:27 PM - Repo: CapstoneResearch does not have tests
10/22/2024, 6:03:27 PM - Open issues: undefined
10/22/2024, 6:03:27 PM - Closed issues: undefined
10/22/2024, 6:03:27 PM - Repo: array-buffer-byte-length does not have tests
10/22/2024, 6:03:27 PM - Open issues: undefined
10/22/2024, 6:03:27 PM - Closed issues: undefined
10/22/2024, 6:03:27 PM - Repo: lingua does not have tests
10/22/2024, 6:03:27 PM - Open issues: undefined
10/22/2024, 6:03:27 PM - Closed issues: undefined
10/22/2024, 6:03:27 PM - Repo: isomorphic-git does not have tests
10/22/2024, 6:03:27 PM - Open issues: undefined
10/22/2024, 6:03:27 PM - Closed issues: undefined
10/22/2024, 6:03:27 PM - Repo: material-design-lite does not have tests
10/22/2024, 6:03:27 PM - Open issues: undefined
10/22/2024, 6:03:27 PM - Closed issues: undefined
10/22/2024, 6:03:27 PM - Error fetching authors: Error: HTTP error! Status: 404
10/22/2024, 6:03:27 PM - Error fetching authors: Error: HTTP error! Status: 404
10/22/2024, 6:03:27 PM - Error fetching authors: Error: HTTP error! Status: 404
10/22/2024, 6:03:27 PM - Error fetching authors: Error: HTTP error! Status: 404
10/22/2024, 6:03:27 PM - Error fetching authors: Error: HTTP error! Status: 404
10/22/2024, 6:03:27 PM - Error fetching authors: Error: HTTP error! Status: 404
10/22/2024, 6:03:27 PM - Error fetching authors: Error: HTTP error! Status: 404
10/22/2024, 6:16:28 PM - Readme size was not defined for comparison
10/22/2024, 6:16:28 PM - Readme size was not defined for comparison
10/22/2024, 6:16:28 PM - Readme size was not defined for comparison
10/22/2024, 6:16:28 PM - Readme size was not defined for comparison
10/22/2024, 6:16:28 PM - Readme size was not defined for comparison
10/22/2024, 6:16:28 PM - Readme size was not defined for comparison
10/22/2024, 6:16:28 PM - Readme size was not defined for comparison
10/22/2024, 6:16:28 PM - Repo: C-DatabaseExplorer does not have tests
10/22/2024, 6:16:28 PM - Open issues: undefined
10/22/2024, 6:16:28 PM - Closed issues: undefined
10/22/2024, 6:16:28 PM - Repo: angular-cli does not have tests
10/22/2024, 6:16:28 PM - Open issues: undefined
10/22/2024, 6:16:28 PM - Closed issues: undefined
10/22/2024, 6:16:28 PM - Repo: CapstoneResearch does not have tests
10/22/2024, 6:16:28 PM - Open issues: undefined
10/22/2024, 6:16:28 PM - Closed issues: undefined
10/22/2024, 6:16:28 PM - Repo: array-buffer-byte-length does not have tests
10/22/2024, 6:16:28 PM - Open issues: undefined
10/22/2024, 6:16:28 PM - Closed issues: undefined
10/22/2024, 6:16:28 PM - Repo: lingua does not have tests
10/22/2024, 6:16:28 PM - Open issues: undefined
10/22/2024, 6:16:28 PM - Closed issues: undefined
10/22/2024, 6:16:28 PM - Repo: isomorphic-git does not have tests
10/22/2024, 6:16:28 PM - Open issues: undefined
10/22/2024, 6:16:28 PM - Closed issues: undefined
10/22/2024, 6:16:28 PM - Repo: material-design-lite does not have tests
10/22/2024, 6:16:28 PM - Open issues: undefined
10/22/2024, 6:16:28 PM - Closed issues: undefined
10/22/2024, 6:16:28 PM - Error fetching authors: Error: HTTP error! Status: 404
10/22/2024, 6:16:28 PM - Error fetching authors: Error: HTTP error! Status: 404
10/22/2024, 6:16:28 PM - Error fetching authors: Error: HTTP error! Status: 404
10/22/2024, 6:16:28 PM - Error fetching authors: Error: HTTP error! Status: 404
10/22/2024, 6:16:28 PM - Error fetching authors: Error: HTTP error! Status: 404
10/22/2024, 6:16:28 PM - Error fetching authors: Error: HTTP error! Status: 404
10/22/2024, 6:16:28 PM - Error fetching authors: Error: HTTP error! Status: 404
10/22/2024, 6:17:05 PM - Readme size was not defined for comparison
10/22/2024, 6:17:05 PM - Readme size was not defined for comparison
10/22/2024, 6:17:05 PM - Readme size was not defined for comparison
10/22/2024, 6:17:05 PM - Readme size was not defined for comparison
10/22/2024, 6:17:05 PM - Readme size was not defined for comparison
10/22/2024, 6:17:05 PM - Readme size was not defined for comparison
10/22/2024, 6:17:05 PM - Readme size was not defined for comparison
10/22/2024, 6:17:05 PM - Repo: C-DatabaseExplorer does not have tests
10/22/2024, 6:17:05 PM - Open issues: undefined
10/22/2024, 6:17:05 PM - Closed issues: undefined
10/22/2024, 6:17:05 PM - Repo: angular-cli does not have tests
10/22/2024, 6:17:05 PM - Open issues: undefined
10/22/2024, 6:17:05 PM - Closed issues: undefined
10/22/2024, 6:17:05 PM - Repo: CapstoneResearch does not have tests
10/22/2024, 6:17:05 PM - Open issues: undefined
10/22/2024, 6:17:05 PM - Closed issues: undefined
10/22/2024, 6:17:05 PM - Repo: array-buffer-byte-length does not have tests
10/22/2024, 6:17:05 PM - Open issues: undefined
10/22/2024, 6:17:05 PM - Closed issues: undefined
10/22/2024, 6:17:05 PM - Repo: lingua does not have tests
10/22/2024, 6:17:05 PM - Open issues: undefined
10/22/2024, 6:17:05 PM - Closed issues: undefined
10/22/2024, 6:17:05 PM - Repo: isomorphic-git does not have tests
10/22/2024, 6:17:05 PM - Open issues: undefined
10/22/2024, 6:17:05 PM - Closed issues: undefined
10/22/2024, 6:17:05 PM - Repo: material-design-lite does not have tests
10/22/2024, 6:17:05 PM - Open issues: undefined
10/22/2024, 6:17:05 PM - Closed issues: undefined
10/22/2024, 6:17:05 PM - Error fetching authors: Error: HTTP error! Status: 404
10/22/2024, 6:17:05 PM - Error fetching authors: Error: HTTP error! Status: 404
10/22/2024, 6:17:05 PM - Error fetching authors: Error: HTTP error! Status: 404
10/22/2024, 6:17:05 PM - Error fetching authors: Error: HTTP error! Status: 404
10/22/2024, 6:17:05 PM - Error fetching authors: Error: HTTP error! Status: 404
10/22/2024, 6:17:06 PM - Error fetching authors: Error: HTTP error! Status: 404
10/22/2024, 6:17:06 PM - Error fetching authors: Error: HTTP error! Status: 404
10/22/2024, 6:18:55 PM - Readme size was not defined for comparison
10/22/2024, 6:18:55 PM - Readme size was not defined for comparison
10/22/2024, 6:18:55 PM - Readme size was not defined for comparison
10/22/2024, 6:18:55 PM - Readme size was not defined for comparison
10/22/2024, 6:18:55 PM - Readme size was not defined for comparison
10/22/2024, 6:18:55 PM - Readme size was not defined for comparison
10/22/2024, 6:18:55 PM - Readme size was not defined for comparison
10/22/2024, 6:18:55 PM - Repo: C-DatabaseExplorer does not have tests
10/22/2024, 6:18:55 PM - Open issues: undefined
10/22/2024, 6:18:55 PM - Closed issues: undefined
10/22/2024, 6:18:55 PM - Repo: angular-cli does not have tests
10/22/2024, 6:18:55 PM - Open issues: undefined
10/22/2024, 6:18:56 PM - Closed issues: undefined
10/22/2024, 6:18:56 PM - Repo: CapstoneResearch does not have tests
10/22/2024, 6:18:56 PM - Open issues: undefined
10/22/2024, 6:18:56 PM - Closed issues: undefined
10/22/2024, 6:18:56 PM - Repo: array-buffer-byte-length does not have tests
10/22/2024, 6:18:56 PM - Open issues: undefined
10/22/2024, 6:18:56 PM - Closed issues: undefined
10/22/2024, 6:18:56 PM - Repo: lingua does not have tests
10/22/2024, 6:18:56 PM - Open issues: undefined
10/22/2024, 6:18:56 PM - Closed issues: undefined
10/22/2024, 6:18:56 PM - Repo: isomorphic-git does not have tests
10/22/2024, 6:18:56 PM - Open issues: undefined
10/22/2024, 6:18:56 PM - Closed issues: undefined
10/22/2024, 6:18:56 PM - Repo: material-design-lite does not have tests
10/22/2024, 6:18:56 PM - Open issues: undefined
10/22/2024, 6:18:56 PM - Closed issues: undefined
10/22/2024, 6:18:56 PM - Error fetching authors: Error: HTTP error! Status: 404
10/22/2024, 6:18:56 PM - Error fetching authors: Error: HTTP error! Status: 404
10/22/2024, 6:18:56 PM - Error fetching authors: Error: HTTP error! Status: 404
10/22/2024, 6:18:56 PM - Error fetching authors: Error: HTTP error! Status: 404
10/22/2024, 6:18:56 PM - Error fetching authors: Error: HTTP error! Status: 404
10/22/2024, 6:18:56 PM - Error fetching authors: Error: HTTP error! Status: 404
10/22/2024, 6:18:56 PM - Error fetching authors: Error: HTTP error! Status: 404
10/22/2024, 6:43:07 PM - Readme size was not defined for comparison
10/22/2024, 6:43:07 PM - Readme size was not defined for comparison
10/22/2024, 6:43:07 PM - Readme size was not defined for comparison
10/22/2024, 6:43:07 PM - Readme size was not defined for comparison
10/22/2024, 6:43:07 PM - Readme size was not defined for comparison
10/22/2024, 6:43:07 PM - Readme size was not defined for comparison
10/22/2024, 6:43:07 PM - Readme size was not defined for comparison
10/22/2024, 6:43:07 PM - Repo: C-DatabaseExplorer does not have tests
10/22/2024, 6:43:07 PM - Open issues: undefined
10/22/2024, 6:43:07 PM - Closed issues: undefined
10/22/2024, 6:43:07 PM - Repo: angular-cli does not have tests
10/22/2024, 6:43:07 PM - Open issues: undefined
10/22/2024, 6:43:07 PM - Closed issues: undefined
10/22/2024, 6:43:07 PM - Repo: CapstoneResearch does not have tests
10/22/2024, 6:43:07 PM - Open issues: undefined
10/22/2024, 6:43:07 PM - Closed issues: undefined
10/22/2024, 6:43:07 PM - Repo: array-buffer-byte-length does not have tests
10/22/2024, 6:43:07 PM - Open issues: undefined
10/22/2024, 6:43:07 PM - Closed issues: undefined
10/22/2024, 6:43:07 PM - Repo: lingua does not have tests
10/22/2024, 6:43:07 PM - Open issues: undefined
10/22/2024, 6:43:07 PM - Closed issues: undefined
10/22/2024, 6:43:07 PM - Repo: isomorphic-git does not have tests
10/22/2024, 6:43:07 PM - Open issues: undefined
10/22/2024, 6:43:07 PM - Closed issues: undefined
10/22/2024, 6:43:07 PM - Repo: material-design-lite does not have tests
10/22/2024, 6:43:07 PM - Open issues: undefined
10/22/2024, 6:43:07 PM - Closed issues: undefined
10/22/2024, 6:43:07 PM - Error fetching authors: Error: HTTP error! Status: 404
10/22/2024, 6:43:07 PM - Error fetching authors: Error: HTTP error! Status: 404
10/22/2024, 6:43:07 PM - Error fetching authors: Error: HTTP error! Status: 404
10/22/2024, 6:43:07 PM - Error fetching authors: Error: HTTP error! Status: 404
10/22/2024, 6:43:07 PM - Error fetching authors: Error: HTTP error! Status: 404
10/22/2024, 6:43:07 PM - Error fetching authors: Error: HTTP error! Status: 404
10/22/2024, 6:43:07 PM - Error fetching authors: Error: HTTP error! Status: 404
10/22/2024, 6:45:39 PM - Readme size was not defined for comparison
10/22/2024, 6:45:39 PM - Readme size was not defined for comparison
10/22/2024, 6:45:39 PM - Readme size was not defined for comparison
10/22/2024, 6:45:39 PM - Readme size was not defined for comparison
10/22/2024, 6:45:39 PM - Readme size was not defined for comparison
10/22/2024, 6:45:39 PM - Readme size was not defined for comparison
10/22/2024, 6:45:39 PM - Readme size was not defined for comparison
10/22/2024, 6:45:39 PM - Repo: C-DatabaseExplorer does not have tests
10/22/2024, 6:45:39 PM - Open issues: undefined
10/22/2024, 6:45:39 PM - Closed issues: undefined
10/22/2024, 6:45:39 PM - Repo: angular-cli does not have tests
10/22/2024, 6:45:39 PM - Open issues: undefined
10/22/2024, 6:45:39 PM - Closed issues: undefined
10/22/2024, 6:45:39 PM - Repo: CapstoneResearch does not have tests
10/22/2024, 6:45:39 PM - Open issues: undefined
10/22/2024, 6:45:39 PM - Closed issues: undefined
10/22/2024, 6:45:39 PM - Repo: array-buffer-byte-length does not have tests
10/22/2024, 6:45:39 PM - Open issues: undefined
10/22/2024, 6:45:39 PM - Closed issues: undefined
10/22/2024, 6:45:39 PM - Repo: lingua does not have tests
10/22/2024, 6:45:39 PM - Open issues: undefined
10/22/2024, 6:45:39 PM - Closed issues: undefined
10/22/2024, 6:45:39 PM - Repo: isomorphic-git does not have tests
10/22/2024, 6:45:39 PM - Open issues: undefined
10/22/2024, 6:45:39 PM - Closed issues: undefined
10/22/2024, 6:45:39 PM - Repo: material-design-lite does not have tests
10/22/2024, 6:45:39 PM - Open issues: undefined
10/22/2024, 6:45:39 PM - Closed issues: undefined
10/22/2024, 6:45:39 PM - Error fetching authors: Error: HTTP error! Status: 404
10/22/2024, 6:45:39 PM - Error fetching authors: Error: HTTP error! Status: 404
10/22/2024, 6:45:39 PM - Error fetching authors: Error: HTTP error! Status: 404
10/22/2024, 6:45:39 PM - Error fetching authors: Error: HTTP error! Status: 404
10/22/2024, 6:45:39 PM - Error fetching authors: Error: HTTP error! Status: 404
10/22/2024, 6:45:40 PM - Error fetching authors: Error: HTTP error! Status: 404
10/22/2024, 6:45:40 PM - Error fetching authors: Error: HTTP error! Status: 404
10/22/2024, 6:47:00 PM - Readme size was not defined for comparison
10/22/2024, 6:47:00 PM - Readme size was not defined for comparison
10/22/2024, 6:47:00 PM - Readme size was not defined for comparison
10/22/2024, 6:47:00 PM - Readme size was not defined for comparison
10/22/2024, 6:47:00 PM - Readme size was not defined for comparison
10/22/2024, 6:47:00 PM - Readme size was not defined for comparison
10/22/2024, 6:47:00 PM - Readme size was not defined for comparison
10/22/2024, 6:47:00 PM - Repo: C-DatabaseExplorer does not have tests
10/22/2024, 6:47:00 PM - Open issues: undefined
10/22/2024, 6:47:00 PM - Closed issues: undefined
10/22/2024, 6:47:01 PM - Repo: angular-cli does not have tests
10/22/2024, 6:47:01 PM - Open issues: undefined
10/22/2024, 6:47:01 PM - Closed issues: undefined
10/22/2024, 6:47:01 PM - Repo: CapstoneResearch does not have tests
10/22/2024, 6:47:01 PM - Open issues: undefined
10/22/2024, 6:47:01 PM - Closed issues: undefined
10/22/2024, 6:47:01 PM - Repo: array-buffer-byte-length does not have tests
10/22/2024, 6:47:01 PM - Open issues: undefined
10/22/2024, 6:47:01 PM - Closed issues: undefined
10/22/2024, 6:47:01 PM - Repo: lingua does not have tests
10/22/2024, 6:47:01 PM - Open issues: undefined
10/22/2024, 6:47:01 PM - Closed issues: undefined
10/22/2024, 6:47:01 PM - Repo: isomorphic-git does not have tests
10/22/2024, 6:47:01 PM - Open issues: undefined
10/22/2024, 6:47:01 PM - Closed issues: undefined
10/22/2024, 6:47:01 PM - Repo: material-design-lite does not have tests
10/22/2024, 6:47:01 PM - Open issues: undefined
10/22/2024, 6:47:01 PM - Closed issues: undefined
10/22/2024, 6:47:01 PM - Error fetching authors: Error: HTTP error! Status: 404
10/22/2024, 6:47:01 PM - Error fetching authors: Error: HTTP error! Status: 404
10/22/2024, 6:47:01 PM - Error fetching authors: Error: HTTP error! Status: 404
10/22/2024, 6:47:01 PM - Error fetching authors: Error: HTTP error! Status: 404
10/22/2024, 6:47:01 PM - Error fetching authors: Error: HTTP error! Status: 404
10/22/2024, 6:47:01 PM - Error fetching authors: Error: HTTP error! Status: 404
10/22/2024, 6:47:01 PM - Error fetching authors: Error: HTTP error! Status: 404
10/22/2024, 10:02:15 PM - Readme size was not defined for comparison
10/22/2024, 10:02:15 PM - Readme size was not defined for comparison
10/22/2024, 10:02:15 PM - Readme size was not defined for comparison
10/22/2024, 10:02:15 PM - Readme size was not defined for comparison
10/22/2024, 10:02:15 PM - Readme size was not defined for comparison
10/22/2024, 10:02:15 PM - Readme size was not defined for comparison
10/22/2024, 10:02:15 PM - Readme size was not defined for comparison
10/22/2024, 10:02:15 PM - Repo: C-DatabaseExplorer does not have tests
10/22/2024, 10:02:15 PM - Open issues: undefined
10/22/2024, 10:02:15 PM - Closed issues: undefined
10/22/2024, 10:02:15 PM - Repo: angular-cli does not have tests
10/22/2024, 10:02:15 PM - Open issues: undefined
10/22/2024, 10:02:15 PM - Closed issues: undefined
10/22/2024, 10:02:15 PM - Repo: CapstoneResearch does not have tests
10/22/2024, 10:02:15 PM - Open issues: undefined
10/22/2024, 10:02:15 PM - Closed issues: undefined
10/22/2024, 10:02:15 PM - Repo: array-buffer-byte-length does not have tests
10/22/2024, 10:02:15 PM - Open issues: undefined
10/22/2024, 10:02:15 PM - Closed issues: undefined
10/22/2024, 10:02:15 PM - Repo: lingua does not have tests
10/22/2024, 10:02:15 PM - Open issues: undefined
10/22/2024, 10:02:15 PM - Closed issues: undefined
10/22/2024, 10:02:15 PM - Repo: isomorphic-git does not have tests
10/22/2024, 10:02:15 PM - Open issues: undefined
10/22/2024, 10:02:15 PM - Closed issues: undefined
10/22/2024, 10:02:15 PM - Repo: material-design-lite does not have tests
10/22/2024, 10:02:15 PM - Open issues: undefined
10/22/2024, 10:02:15 PM - Closed issues: undefined
10/22/2024, 10:02:15 PM - Error fetching authors: Error: HTTP error! Status: 404
10/22/2024, 10:02:15 PM - Error fetching authors: Error: HTTP error! Status: 404
10/22/2024, 10:02:15 PM - Error fetching authors: Error: HTTP error! Status: 404
10/22/2024, 10:02:15 PM - Error fetching authors: Error: HTTP error! Status: 404
10/22/2024, 10:02:15 PM - Error fetching authors: Error: HTTP error! Status: 404
10/22/2024, 10:02:15 PM - Error fetching authors: Error: HTTP error! Status: 404
10/22/2024, 10:02:15 PM - Error fetching authors: Error: HTTP error! Status: 404
10/22/2024, 10:03:15 PM - Readme size was not defined for comparison
10/22/2024, 10:03:15 PM - Readme size was not defined for comparison
10/22/2024, 10:03:15 PM - Readme size was not defined for comparison
10/22/2024, 10:03:15 PM - Readme size was not defined for comparison
10/22/2024, 10:03:15 PM - Readme size was not defined for comparison
10/22/2024, 10:03:15 PM - Readme size was not defined for comparison
10/22/2024, 10:03:15 PM - Readme size was not defined for comparison
10/22/2024, 10:03:15 PM - Repo: C-DatabaseExplorer does not have tests
10/22/2024, 10:03:15 PM - Open issues: undefined
10/22/2024, 10:03:15 PM - Closed issues: undefined
10/22/2024, 10:03:15 PM - Repo: angular-cli does not have tests
10/22/2024, 10:03:15 PM - Open issues: undefined
10/22/2024, 10:03:15 PM - Closed issues: undefined
10/22/2024, 10:03:15 PM - Repo: CapstoneResearch does not have tests
10/22/2024, 10:03:15 PM - Open issues: undefined
10/22/2024, 10:03:15 PM - Closed issues: undefined
10/22/2024, 10:03:15 PM - Repo: array-buffer-byte-length does not have tests
10/22/2024, 10:03:15 PM - Open issues: undefined
10/22/2024, 10:03:15 PM - Closed issues: undefined
10/22/2024, 10:03:15 PM - Repo: lingua does not have tests
10/22/2024, 10:03:15 PM - Open issues: undefined
10/22/2024, 10:03:15 PM - Closed issues: undefined
10/22/2024, 10:03:15 PM - Repo: isomorphic-git does not have tests
10/22/2024, 10:03:15 PM - Open issues: undefined
10/22/2024, 10:03:15 PM - Closed issues: undefined
10/22/2024, 10:03:15 PM - Repo: material-design-lite does not have tests
10/22/2024, 10:03:15 PM - Open issues: undefined
10/22/2024, 10:03:15 PM - Closed issues: undefined
10/22/2024, 10:03:15 PM - Error fetching authors: Error: HTTP error! Status: 404
10/22/2024, 10:03:15 PM - Error fetching authors: Error: HTTP error! Status: 404
10/22/2024, 10:03:15 PM - Error fetching authors: Error: HTTP error! Status: 404
10/22/2024, 10:03:15 PM - Error fetching authors: Error: HTTP error! Status: 404
10/22/2024, 10:03:15 PM - Error fetching authors: Error: HTTP error! Status: 404
10/22/2024, 10:03:15 PM - Error fetching authors: Error: HTTP error! Status: 404
10/22/2024, 10:03:15 PM - Error fetching authors: Error: HTTP error! Status: 404
10/22/2024, 10:04:39 PM - Readme size was not defined for comparison
10/22/2024, 10:04:40 PM - Readme size was not defined for comparison
10/22/2024, 10:04:40 PM - Readme size was not defined for comparison
10/22/2024, 10:04:40 PM - Readme size was not defined for comparison
10/22/2024, 10:04:40 PM - Readme size was not defined for comparison
10/22/2024, 10:04:40 PM - Readme size was not defined for comparison
10/22/2024, 10:04:40 PM - Readme size was not defined for comparison
10/22/2024, 10:04:40 PM - Repo: C-DatabaseExplorer does not have tests
10/22/2024, 10:04:40 PM - Open issues: undefined
10/22/2024, 10:04:40 PM - Closed issues: undefined
10/22/2024, 10:04:40 PM - Repo: angular-cli does not have tests
10/22/2024, 10:04:40 PM - Open issues: undefined
10/22/2024, 10:04:40 PM - Closed issues: undefined
10/22/2024, 10:04:40 PM - Repo: CapstoneResearch does not have tests
10/22/2024, 10:04:40 PM - Open issues: undefined
10/22/2024, 10:04:40 PM - Closed issues: undefined
10/22/2024, 10:04:40 PM - Repo: array-buffer-byte-length does not have tests
10/22/2024, 10:04:40 PM - Open issues: undefined
10/22/2024, 10:04:40 PM - Closed issues: undefined
10/22/2024, 10:04:40 PM - Repo: lingua does not have tests
10/22/2024, 10:04:40 PM - Open issues: undefined
10/22/2024, 10:04:40 PM - Closed issues: undefined
10/22/2024, 10:04:40 PM - Repo: isomorphic-git does not have tests
10/22/2024, 10:04:40 PM - Open issues: undefined
10/22/2024, 10:04:40 PM - Closed issues: undefined
10/22/2024, 10:04:40 PM - Repo: material-design-lite does not have tests
10/22/2024, 10:04:40 PM - Open issues: undefined
10/22/2024, 10:04:40 PM - Closed issues: undefined
10/22/2024, 10:04:40 PM - Error fetching authors: Error: HTTP error! Status: 404
10/22/2024, 10:04:40 PM - Error fetching authors: Error: HTTP error! Status: 404
10/22/2024, 10:04:40 PM - Error fetching authors: Error: HTTP error! Status: 404
10/22/2024, 10:04:40 PM - Error fetching authors: Error: HTTP error! Status: 404
10/22/2024, 10:04:40 PM - Error fetching authors: Error: HTTP error! Status: 404
10/22/2024, 10:04:40 PM - Error fetching authors: Error: HTTP error! Status: 404
10/22/2024, 10:04:40 PM - Error fetching authors: Error: HTTP error! Status: 404
10/22/2024, 10:06:13 PM - Readme size was not defined for comparison
10/22/2024, 10:06:13 PM - Readme size was not defined for comparison
10/22/2024, 10:06:13 PM - Readme size was not defined for comparison
10/22/2024, 10:06:13 PM - Readme size was not defined for comparison
10/22/2024, 10:06:13 PM - Readme size was not defined for comparison
10/22/2024, 10:06:13 PM - Readme size was not defined for comparison
10/22/2024, 10:06:13 PM - Readme size was not defined for comparison
10/22/2024, 10:06:13 PM - Repo: C-DatabaseExplorer does not have tests
10/22/2024, 10:06:13 PM - Open issues: undefined
10/22/2024, 10:06:13 PM - Closed issues: undefined
10/22/2024, 10:06:13 PM - Repo: angular-cli does not have tests
10/22/2024, 10:06:13 PM - Open issues: undefined
10/22/2024, 10:06:13 PM - Closed issues: undefined
10/22/2024, 10:06:13 PM - Repo: CapstoneResearch does not have tests
10/22/2024, 10:06:13 PM - Open issues: undefined
10/22/2024, 10:06:13 PM - Closed issues: undefined
10/22/2024, 10:06:13 PM - Repo: array-buffer-byte-length does not have tests
10/22/2024, 10:06:13 PM - Open issues: undefined
10/22/2024, 10:06:13 PM - Closed issues: undefined
10/22/2024, 10:06:13 PM - Repo: lingua does not have tests
10/22/2024, 10:06:13 PM - Open issues: undefined
10/22/2024, 10:06:13 PM - Closed issues: undefined
10/22/2024, 10:06:13 PM - Repo: isomorphic-git does not have tests
10/22/2024, 10:06:13 PM - Open issues: undefined
10/22/2024, 10:06:13 PM - Closed issues: undefined
10/22/2024, 10:06:13 PM - Repo: material-design-lite does not have tests
10/22/2024, 10:06:13 PM - Open issues: undefined
10/22/2024, 10:06:13 PM - Closed issues: undefined
10/22/2024, 10:06:13 PM - Error fetching authors: Error: HTTP error! Status: 404
10/22/2024, 10:06:13 PM - Error fetching authors: Error: HTTP error! Status: 404
10/22/2024, 10:06:13 PM - Error fetching authors: Error: HTTP error! Status: 404
10/22/2024, 10:06:13 PM - Error fetching authors: Error: HTTP error! Status: 404
10/22/2024, 10:06:13 PM - Error fetching authors: Error: HTTP error! Status: 404
10/22/2024, 10:06:13 PM - Error fetching authors: Error: HTTP error! Status: 404
10/22/2024, 10:06:13 PM - Error fetching authors: Error: HTTP error! Status: 404
10/22/2024, 10:08:02 PM - Error fetching authors: Error: HTTP error! Status: 404
10/22/2024, 10:08:02 PM - Error fetching authors: Error: HTTP error! Status: 404
10/22/2024, 10:08:02 PM - Error fetching authors: Error: HTTP error! Status: 404
10/22/2024, 10:08:02 PM - Error fetching authors: Error: HTTP error! Status: 404
10/22/2024, 10:08:02 PM - Error fetching authors: Error: HTTP error! Status: 404
10/22/2024, 10:08:02 PM - Error fetching authors: Error: HTTP error! Status: 404
10/22/2024, 10:08:02 PM - Error fetching authors: Error: HTTP error! Status: 404
10/22/2024, 10:18:25 PM - Readme size was not defined for comparison
10/22/2024, 10:18:25 PM - Readme size was not defined for comparison
10/22/2024, 10:18:25 PM - Readme size was not defined for comparison
10/22/2024, 10:18:25 PM - Readme size was not defined for comparison
10/22/2024, 10:18:25 PM - Readme size was not defined for comparison
10/22/2024, 10:18:25 PM - Readme size was not defined for comparison
10/22/2024, 10:18:25 PM - Readme size was not defined for comparison
10/22/2024, 10:18:25 PM - Repo: C-DatabaseExplorer does not have tests
10/22/2024, 10:18:25 PM - Open issues: undefined
10/22/2024, 10:18:25 PM - Closed issues: undefined
10/22/2024, 10:18:25 PM - Repo: angular-cli does not have tests
10/22/2024, 10:18:25 PM - Open issues: undefined
10/22/2024, 10:18:25 PM - Closed issues: undefined
10/22/2024, 10:18:25 PM - Repo: CapstoneResearch does not have tests
10/22/2024, 10:18:25 PM - Open issues: undefined
10/22/2024, 10:18:25 PM - Closed issues: undefined
10/22/2024, 10:18:25 PM - Repo: array-buffer-byte-length does not have tests
10/22/2024, 10:18:25 PM - Open issues: undefined
10/22/2024, 10:18:25 PM - Closed issues: undefined
10/22/2024, 10:18:25 PM - Repo: lingua does not have tests
10/22/2024, 10:18:25 PM - Open issues: undefined
10/22/2024, 10:18:25 PM - Closed issues: undefined
10/22/2024, 10:18:25 PM - Repo: isomorphic-git does not have tests
10/22/2024, 10:18:25 PM - Open issues: undefined
10/22/2024, 10:18:25 PM - Closed issues: undefined
10/22/2024, 10:18:25 PM - Repo: material-design-lite does not have tests
10/22/2024, 10:18:25 PM - Open issues: undefined
10/22/2024, 10:18:25 PM - Closed issues: undefined
10/22/2024, 10:18:25 PM - Error fetching authors: Error: HTTP error! Status: 404
10/22/2024, 10:18:25 PM - Error fetching authors: Error: HTTP error! Status: 404
10/22/2024, 10:18:25 PM - Error fetching authors: Error: HTTP error! Status: 404
10/22/2024, 10:18:25 PM - Error fetching authors: Error: HTTP error! Status: 404
10/22/2024, 10:18:25 PM - Error fetching authors: Error: HTTP error! Status: 404
10/22/2024, 10:18:25 PM - Error fetching authors: Error: HTTP error! Status: 404
10/22/2024, 10:18:25 PM - Error fetching authors: Error: HTTP error! Status: 404
10/22/2024, 10:19:18 PM - Readme size was not defined for comparison
10/22/2024, 10:19:18 PM - Readme size was not defined for comparison
10/22/2024, 10:19:18 PM - Readme size was not defined for comparison
10/22/2024, 10:19:18 PM - Readme size was not defined for comparison
10/22/2024, 10:19:18 PM - Readme size was not defined for comparison
10/22/2024, 10:19:18 PM - Readme size was not defined for comparison
10/22/2024, 10:19:18 PM - Readme size was not defined for comparison
10/22/2024, 10:19:18 PM - Repo: C-DatabaseExplorer does not have tests
10/22/2024, 10:19:18 PM - Open issues: undefined
10/22/2024, 10:19:18 PM - Closed issues: undefined
10/22/2024, 10:19:18 PM - Repo: angular-cli does not have tests
10/22/2024, 10:19:18 PM - Open issues: undefined
10/22/2024, 10:19:18 PM - Closed issues: undefined
10/22/2024, 10:19:18 PM - Repo: CapstoneResearch does not have tests
10/22/2024, 10:19:18 PM - Open issues: undefined
10/22/2024, 10:19:18 PM - Closed issues: undefined
10/22/2024, 10:19:18 PM - Repo: array-buffer-byte-length does not have tests
10/22/2024, 10:19:18 PM - Open issues: undefined
10/22/2024, 10:19:18 PM - Closed issues: undefined
10/22/2024, 10:19:18 PM - Repo: lingua does not have tests
10/22/2024, 10:19:18 PM - Open issues: undefined
10/22/2024, 10:19:18 PM - Closed issues: undefined
10/22/2024, 10:19:18 PM - Repo: isomorphic-git does not have tests
10/22/2024, 10:19:18 PM - Open issues: undefined
10/22/2024, 10:19:18 PM - Closed issues: undefined
10/22/2024, 10:19:18 PM - Repo: material-design-lite does not have tests
10/22/2024, 10:19:18 PM - Open issues: undefined
10/22/2024, 10:19:18 PM - Closed issues: undefined
10/22/2024, 10:19:18 PM - Error fetching authors: Error: HTTP error! Status: 404
10/22/2024, 10:19:18 PM - Error fetching authors: Error: HTTP error! Status: 404
10/22/2024, 10:19:18 PM - Error fetching authors: Error: HTTP error! Status: 404
10/22/2024, 10:19:18 PM - Error fetching authors: Error: HTTP error! Status: 404
10/22/2024, 10:19:18 PM - Error fetching authors: Error: HTTP error! Status: 404
10/22/2024, 10:19:18 PM - Error fetching authors: Error: HTTP error! Status: 404
10/22/2024, 10:19:18 PM - Error fetching authors: Error: HTTP error! Status: 404
